Command line:
   ./Pipeline_Datapath_tb_isim_beh.exe
     -intstyle  ise
     -ipchost  localhost
     -ipcport  1051

Fri Feb 20 00:35:52 2026

Total Line Count : 7467

 Elaboration Time: 0.640625 sec

 Current Memory Usage: 153.391 Meg

 Total Signals          : 5803
 Total Nets             : 3027
 Total Signal Drivers   : 2145
 Total Blocks           : 1141
 Total Primitive Blocks : 908
 Total Processes        : 4209
 Total Traceable Variables  : 1703
 Total Scalar Nets and Variables : 94620
ntrace select -o on -n /Pipeline_Datapath_tb/UUT/ALUB 
ntrace select -o on -n /Pipeline_Datapath_tb/UUT/ID_ALUSrc 
ntrace select -o on -n /Pipeline_Datapath_tb/UUT/ID_MemRead 
ntrace select -o on -n /Pipeline_Datapath_tb/UUT/ID_MemtoReg 
ntrace select -o on -n /Pipeline_Datapath_tb/UUT/ID_MemWrite 
ntrace select -o on -n /Pipeline_Datapath_tb/UUT/ID_RegWrite 
ntrace select -o on -n /Pipeline_Datapath_tb/UUT/IM_OUT 
ntrace select -o on -n /Pipeline_Datapath_tb/UUT/INS 
ntrace select -o on -n /Pipeline_Datapath_tb/UUT/M_WM 
ntrace select -o on -n /Pipeline_Datapath_tb/UUT/PC 
ntrace select -o on -n /Pipeline_Datapath_tb/UUT/R0_OUT 
ntrace select -o on -n /Pipeline_Datapath_tb/UUT/vdd 
ntrace select -o on -n /Pipeline_Datapath_tb/PERIOD 
ntrace select -o on -n /Pipeline_Datapath_tb/DUTY_CYCLE 
ntrace select -o on -n /Pipeline_Datapath_tb/OFFSET 
ntrace select -o on -n /Pipeline_Datapath_tb/CLK 
ntrace select -o on -n /Pipeline_Datapath_tb/CLR_ALL 
ntrace select -o on -n /Pipeline_Datapath_tb/DIN 
ntrace select -o on -n /Pipeline_Datapath_tb/IM_CLR 
ntrace start 
isimrun 1000 ns 
Simulator is doing circuit initialization process.
Finished circuit initialization process.
WARNING:Simulator:29 - at 200.000 ns: Warning: Timing violation in
   /Pipeline_Datapath_tb/UUT/XLXI_32/inst/  $recovery( CLKB:200.000 ns,
   CLKA:200.000 ns,1.000 ns)

WARNING:Simulator:29 - at 200.000 ns: Warning: Timing violation in
   /Pipeline_Datapath_tb/UUT/XLXI_32/inst/  $recovery( CLKA:200.000 ns,
   CLKB:200.000 ns,1.000 ns)

WARNING:Simulator:29 - at 200.000 ns: Warning: Timing violation in
   /Pipeline_Datapath_tb/UUT/XLXI_97/inst/  $recovery( CLKB:200.000 ns,
   CLKA:200.000 ns,1.000 ns)

WARNING:Simulator:29 - at 200.000 ns: Warning: Timing violation in
   /Pipeline_Datapath_tb/UUT/XLXI_97/inst/  $recovery( CLKA:200.000 ns,
   CLKB:200.000 ns,1.000 ns)

WARNING:Simulator:29 - at 200.000 ns: Warning: Timing violation in
   /Pipeline_Datapath_tb/UUT/XLXI_119/XLXI_57/inst/  $recovery( CLKB:200.000 ns,
   CLKA:200.000 ns,1.000 ns)

WARNING:Simulator:29 - at 200.000 ns: Warning: Timing violation in
   /Pipeline_Datapath_tb/UUT/XLXI_119/XLXI_57/inst/  $recovery( CLKA:200.000 ns,
   CLKB:200.000 ns,1.000 ns)

WARNING:Simulator:29 - at 200.000 ns: Warning: Timing violation in
   /Pipeline_Datapath_tb/UUT/XLXI_119/XLXI_58/inst/  $recovery( CLKB:200.000 ns,
   CLKA:200.000 ns,1.000 ns)

WARNING:Simulator:29 - at 200.000 ns: Warning: Timing violation in
   /Pipeline_Datapath_tb/UUT/XLXI_119/XLXI_58/inst/  $recovery( CLKA:200.000 ns,
   CLKB:200.000 ns,1.000 ns)

WARNING:Simulator:29 - at 300.000 ns: Warning: Timing violation in
   /Pipeline_Datapath_tb/UUT/XLXI_32/inst/  $recovery( CLKB:300.000 ns,
   CLKA:300.000 ns,1.000 ns)

WARNING:Simulator:29 - at 300.000 ns: Warning: Timing violation in
   /Pipeline_Datapath_tb/UUT/XLXI_32/inst/  $recovery( CLKA:300.000 ns,
   CLKB:300.000 ns,1.000 ns)

WARNING:Simulator:29 - at 300.000 ns: Warning: Timing violation in
   /Pipeline_Datapath_tb/UUT/XLXI_97/inst/  $recovery( CLKB:300.000 ns,
   CLKA:300.000 ns,1.000 ns)

WARNING:Simulator:29 - at 300.000 ns: Warning: Timing violation in
   /Pipeline_Datapath_tb/UUT/XLXI_97/inst/  $recovery( CLKA:300.000 ns,
   CLKB:300.000 ns,1.000 ns)

WARNING:Simulator:29 - at 300.000 ns: Warning: Timing violation in
   /Pipeline_Datapath_tb/UUT/XLXI_119/XLXI_57/inst/  $recovery( CLKB:300.000 ns,
   CLKA:300.000 ns,1.000 ns)

WARNING:Simulator:29 - at 300.000 ns: Warning: Timing violation in
   /Pipeline_Datapath_tb/UUT/XLXI_119/XLXI_57/inst/  $recovery( CLKA:300.000 ns,
   CLKB:300.000 ns,1.000 ns)

WARNING:Simulator:29 - at 300.000 ns: Warning: Timing violation in
   /Pipeline_Datapath_tb/UUT/XLXI_119/XLXI_58/inst/  $recovery( CLKB:300.000 ns,
   CLKA:300.000 ns,1.000 ns)

WARNING:Simulator:29 - at 300.000 ns: Warning: Timing violation in
   /Pipeline_Datapath_tb/UUT/XLXI_119/XLXI_58/inst/  $recovery( CLKA:300.000 ns,
   CLKB:300.000 ns,1.000 ns)

WARNING:Simulator:29 - at 400.000 ns: Warning: Timing violation in
   /Pipeline_Datapath_tb/UUT/XLXI_32/inst/  $recovery( CLKB:400.000 ns,
   CLKA:400.000 ns,1.000 ns)

WARNING:Simulator:29 - at 400.000 ns: Warning: Timing violation in
   /Pipeline_Datapath_tb/UUT/XLXI_32/inst/  $recovery( CLKA:400.000 ns,
   CLKB:400.000 ns,1.000 ns)

WARNING:Simulator:29 - at 400.000 ns: Warning: Timing violation in
   /Pipeline_Datapath_tb/UUT/XLXI_97/inst/  $recovery( CLKB:400.000 ns,
   CLKA:400.000 ns,1.000 ns)

WARNING:Simulator:29 - at 400.000 ns: Warning: Timing violation in
   /Pipeline_Datapath_tb/UUT/XLXI_97/inst/  $recovery( CLKA:400.000 ns,
   CLKB:400.000 ns,1.000 ns)

WARNING:Simulator:29 - at 400.000 ns: Warning: Timing violation in
   /Pipeline_Datapath_tb/UUT/XLXI_119/XLXI_57/inst/  $recovery( CLKB:400.000 ns,
   CLKA:400.000 ns,1.000 ns)

WARNING:Simulator:29 - at 400.000 ns: Warning: Timing violation in
   /Pipeline_Datapath_tb/UUT/XLXI_119/XLXI_57/inst/  $recovery( CLKA:400.000 ns,
   CLKB:400.000 ns,1.000 ns)

WARNING:Simulator:29 - at 400.000 ns: Warning: Timing violation in
   /Pipeline_Datapath_tb/UUT/XLXI_119/XLXI_58/inst/  $recovery( CLKB:400.000 ns,
   CLKA:400.000 ns,1.000 ns)

WARNING:Simulator:29 - at 400.000 ns: Warning: Timing violation in
   /Pipeline_Datapath_tb/UUT/XLXI_119/XLXI_58/inst/  $recovery( CLKA:400.000 ns,
   CLKB:400.000 ns,1.000 ns)

WARNING:Simulator:29 - at 500.000 ns: Warning: Timing violation in
   /Pipeline_Datapath_tb/UUT/XLXI_32/inst/  $recovery( CLKB:500.000 ns,
   CLKA:500.000 ns,1.000 ns)

WARNING:Simulator:29 - at 500.000 ns: Warning: Timing violation in
   /Pipeline_Datapath_tb/UUT/XLXI_32/inst/  $recovery( CLKA:500.000 ns,
   CLKB:500.000 ns,1.000 ns)

WARNING:Simulator:29 - at 500.000 ns: Warning: Timing violation in
   /Pipeline_Datapath_tb/UUT/XLXI_97/inst/  $recovery( CLKB:500.000 ns,
   CLKA:500.000 ns,1.000 ns)

WARNING:Simulator:29 - at 500.000 ns: Warning: Timing violation in
   /Pipeline_Datapath_tb/UUT/XLXI_97/inst/  $recovery( CLKA:500.000 ns,
   CLKB:500.000 ns,1.000 ns)

WARNING:Simulator:29 - at 500.000 ns: Warning: Timing violation in
   /Pipeline_Datapath_tb/UUT/XLXI_119/XLXI_57/inst/  $recovery( CLKB:500.000 ns,
   CLKA:500.000 ns,1.000 ns)

WARNING:Simulator:29 - at 500.000 ns: Warning: Timing violation in
   /Pipeline_Datapath_tb/UUT/XLXI_119/XLXI_57/inst/  $recovery( CLKA:500.000 ns,
   CLKB:500.000 ns,1.000 ns)

WARNING:Simulator:29 - at 500.000 ns: Warning: Timing violation in
   /Pipeline_Datapath_tb/UUT/XLXI_119/XLXI_58/inst/  $recovery( CLKB:500.000 ns,
   CLKA:500.000 ns,1.000 ns)

WARNING:Simulator:29 - at 500.000 ns: Warning: Timing violation in
   /Pipeline_Datapath_tb/UUT/XLXI_119/XLXI_58/inst/  $recovery( CLKA:500.000 ns,
   CLKB:500.000 ns,1.000 ns)

WARNING:Simulator:29 - at 600.000 ns: Warning: Timing violation in
   /Pipeline_Datapath_tb/UUT/XLXI_32/inst/  $recovery( CLKB:600.000 ns,
   CLKA:600.000 ns,1.000 ns)

WARNING:Simulator:29 - at 600.000 ns: Warning: Timing violation in
   /Pipeline_Datapath_tb/UUT/XLXI_32/inst/  $recovery( CLKA:600.000 ns,
   CLKB:600.000 ns,1.000 ns)

WARNING:Simulator:29 - at 600.000 ns: Warning: Timing violation in
   /Pipeline_Datapath_tb/UUT/XLXI_97/inst/  $recovery( CLKB:600.000 ns,
   CLKA:600.000 ns,1.000 ns)

WARNING:Simulator:29 - at 600.000 ns: Warning: Timing violation in
   /Pipeline_Datapath_tb/UUT/XLXI_97/inst/  $recovery( CLKA:600.000 ns,
   CLKB:600.000 ns,1.000 ns)

WARNING:Simulator:29 - at 600.000 ns: Warning: Timing violation in
   /Pipeline_Datapath_tb/UUT/XLXI_119/XLXI_57/inst/  $recovery( CLKB:600.000 ns,
   CLKA:600.000 ns,1.000 ns)

WARNING:Simulator:29 - at 600.000 ns: Warning: Timing violation in
   /Pipeline_Datapath_tb/UUT/XLXI_119/XLXI_57/inst/  $recovery( CLKA:600.000 ns,
   CLKB:600.000 ns,1.000 ns)

WARNING:Simulator:29 - at 600.000 ns: Warning: Timing violation in
   /Pipeline_Datapath_tb/UUT/XLXI_119/XLXI_58/inst/  $recovery( CLKB:600.000 ns,
   CLKA:600.000 ns,1.000 ns)

WARNING:Simulator:29 - at 600.000 ns: Warning: Timing violation in
   /Pipeline_Datapath_tb/UUT/XLXI_119/XLXI_58/inst/  $recovery( CLKA:600.000 ns,
   CLKB:600.000 ns,1.000 ns)

WARNING:Simulator:29 - at 700.000 ns: Warning: Timing violation in
   /Pipeline_Datapath_tb/UUT/XLXI_32/inst/  $recovery( CLKB:700.000 ns,
   CLKA:700.000 ns,1.000 ns)

WARNING:Simulator:29 - at 700.000 ns: Warning: Timing violation in
   /Pipeline_Datapath_tb/UUT/XLXI_32/inst/  $recovery( CLKA:700.000 ns,
   CLKB:700.000 ns,1.000 ns)

WARNING:Simulator:29 - at 700.000 ns: Warning: Timing violation in
   /Pipeline_Datapath_tb/UUT/XLXI_97/inst/  $recovery( CLKB:700.000 ns,
   CLKA:700.000 ns,1.000 ns)

WARNING:Simulator:29 - at 700.000 ns: Warning: Timing violation in
   /Pipeline_Datapath_tb/UUT/XLXI_97/inst/  $recovery( CLKA:700.000 ns,
   CLKB:700.000 ns,1.000 ns)

WARNING:Simulator:29 - at 700.000 ns: Warning: Timing violation in
   /Pipeline_Datapath_tb/UUT/XLXI_119/XLXI_57/inst/  $recovery( CLKB:700.000 ns,
   CLKA:700.000 ns,1.000 ns)

WARNING:Simulator:29 - at 700.000 ns: Warning: Timing violation in
   /Pipeline_Datapath_tb/UUT/XLXI_119/XLXI_57/inst/  $recovery( CLKA:700.000 ns,
   CLKB:700.000 ns,1.000 ns)

WARNING:Simulator:29 - at 700.000 ns: Warning: Timing violation in
   /Pipeline_Datapath_tb/UUT/XLXI_119/XLXI_58/inst/  $recovery( CLKB:700.000 ns,
   CLKA:700.000 ns,1.000 ns)

WARNING:Simulator:29 - at 700.000 ns: Warning: Timing violation in
   /Pipeline_Datapath_tb/UUT/XLXI_119/XLXI_58/inst/  $recovery( CLKA:700.000 ns,
   CLKB:700.000 ns,1.000 ns)

WARNING:Simulator:29 - at 800.000 ns: Warning: Timing violation in
   /Pipeline_Datapath_tb/UUT/XLXI_32/inst/  $recovery( CLKB:800.000 ns,
   CLKA:800.000 ns,1.000 ns)

WARNING:Simulator:29 - at 800.000 ns: Warning: Timing violation in
   /Pipeline_Datapath_tb/UUT/XLXI_32/inst/  $recovery( CLKA:800.000 ns,
   CLKB:800.000 ns,1.000 ns)

WARNING:Simulator:29 - at 800.000 ns: Warning: Timing violation in
   /Pipeline_Datapath_tb/UUT/XLXI_97/inst/  $recovery( CLKB:800.000 ns,
   CLKA:800.000 ns,1.000 ns)

WARNING:Simulator:29 - at 800.000 ns: Warning: Timing violation in
   /Pipeline_Datapath_tb/UUT/XLXI_97/inst/  $recovery( CLKA:800.000 ns,
   CLKB:800.000 ns,1.000 ns)

WARNING:Simulator:29 - at 800.000 ns: Warning: Timing violation in
   /Pipeline_Datapath_tb/UUT/XLXI_119/XLXI_57/inst/  $recovery( CLKB:800.000 ns,
   CLKA:800.000 ns,1.000 ns)

WARNING:Simulator:29 - at 800.000 ns: Warning: Timing violation in
   /Pipeline_Datapath_tb/UUT/XLXI_119/XLXI_57/inst/  $recovery( CLKA:800.000 ns,
   CLKB:800.000 ns,1.000 ns)

WARNING:Simulator:29 - at 800.000 ns: Warning: Timing violation in
   /Pipeline_Datapath_tb/UUT/XLXI_119/XLXI_58/inst/  $recovery( CLKB:800.000 ns,
   CLKA:800.000 ns,1.000 ns)

WARNING:Simulator:29 - at 800.000 ns: Warning: Timing violation in
   /Pipeline_Datapath_tb/UUT/XLXI_119/XLXI_58/inst/  $recovery( CLKA:800.000 ns,
   CLKB:800.000 ns,1.000 ns)

WARNING:Simulator:29 - at 900.000 ns: Warning: Timing violation in
   /Pipeline_Datapath_tb/UUT/XLXI_32/inst/  $recovery( CLKB:900.000 ns,
   CLKA:900.000 ns,1.000 ns)

WARNING:Simulator:29 - at 900.000 ns: Warning: Timing violation in
   /Pipeline_Datapath_tb/UUT/XLXI_32/inst/  $recovery( CLKA:900.000 ns,
   CLKB:900.000 ns,1.000 ns)

WARNING:Simulator:29 - at 900.000 ns: Warning: Timing violation in
   /Pipeline_Datapath_tb/UUT/XLXI_97/inst/  $recovery( CLKB:900.000 ns,
   CLKA:900.000 ns,1.000 ns)

WARNING:Simulator:29 - at 900.000 ns: Warning: Timing violation in
   /Pipeline_Datapath_tb/UUT/XLXI_97/inst/  $recovery( CLKA:900.000 ns,
   CLKB:900.000 ns,1.000 ns)

WARNING:Simulator:29 - at 900.000 ns: Warning: Timing violation in
   /Pipeline_Datapath_tb/UUT/XLXI_119/XLXI_57/inst/  $recovery( CLKB:900.000 ns,
   CLKA:900.000 ns,1.000 ns)

WARNING:Simulator:29 - at 900.000 ns: Warning: Timing violation in
   /Pipeline_Datapath_tb/UUT/XLXI_119/XLXI_57/inst/  $recovery( CLKA:900.000 ns,
   CLKB:900.000 ns,1.000 ns)

WARNING:Simulator:29 - at 900.000 ns: Warning: Timing violation in
   /Pipeline_Datapath_tb/UUT/XLXI_119/XLXI_58/inst/  $recovery( CLKB:900.000 ns,
   CLKA:900.000 ns,1.000 ns)

WARNING:Simulator:29 - at 900.000 ns: Warning: Timing violation in
   /Pipeline_Datapath_tb/UUT/XLXI_119/XLXI_58/inst/  $recovery( CLKA:900.000 ns,
   CLKB:900.000 ns,1.000 ns)

WARNING:Simulator:29 - at 1.000 us: Warning: Timing violation in
   /Pipeline_Datapath_tb/UUT/XLXI_32/inst/  $recovery( CLKB:1.000 us, CLKA:1.000
   us,1.000 ns)

WARNING:Simulator:29 - at 1.000 us: Warning: Timing violation in
   /Pipeline_Datapath_tb/UUT/XLXI_32/inst/  $recovery( CLKA:1.000 us, CLKB:1.000
   us,1.000 ns)

WARNING:Simulator:29 - at 1.000 us: Warning: Timing violation in
   /Pipeline_Datapath_tb/UUT/XLXI_97/inst/  $recovery( CLKB:1.000 us, CLKA:1.000
   us,1.000 ns)

WARNING:Simulator:29 - at 1.000 us: Warning: Timing violation in
   /Pipeline_Datapath_tb/UUT/XLXI_97/inst/  $recovery( CLKA:1.000 us, CLKB:1.000
   us,1.000 ns)

WARNING:Simulator:29 - at 1.000 us: Warning: Timing violation in
   /Pipeline_Datapath_tb/UUT/XLXI_119/XLXI_57/inst/  $recovery( CLKB:1.000 us,
   CLKA:1.000 us,1.000 ns)

WARNING:Simulator:29 - at 1.000 us: Warning: Timing violation in
   /Pipeline_Datapath_tb/UUT/XLXI_119/XLXI_57/inst/  $recovery( CLKA:1.000 us,
   CLKB:1.000 us,1.000 ns)

WARNING:Simulator:29 - at 1.000 us: Warning: Timing violation in
   /Pipeline_Datapath_tb/UUT/XLXI_119/XLXI_58/inst/  $recovery( CLKB:1.000 us,
   CLKA:1.000 us,1.000 ns)

WARNING:Simulator:29 - at 1.000 us: Warning: Timing violation in
   /Pipeline_Datapath_tb/UUT/XLXI_119/XLXI_58/inst/  $recovery( CLKA:1.000 us,
   CLKB:1.000 us,1.000 ns)

restart
isimrun 3000 ns 
Simulator is doing circuit initialization process.
Finished circuit initialization process.
WARNING:Simulator:29 - at 200.000 ns: Warning: Timing violation in
   /Pipeline_Datapath_tb/UUT/XLXI_32/inst/  $recovery( CLKB:200.000 ns,
   CLKA:200.000 ns,1.000 ns)

WARNING:Simulator:29 - at 200.000 ns: Warning: Timing violation in
   /Pipeline_Datapath_tb/UUT/XLXI_32/inst/  $recovery( CLKA:200.000 ns,
   CLKB:200.000 ns,1.000 ns)

WARNING:Simulator:29 - at 200.000 ns: Warning: Timing violation in
   /Pipeline_Datapath_tb/UUT/XLXI_97/inst/  $recovery( CLKB:200.000 ns,
   CLKA:200.000 ns,1.000 ns)

WARNING:Simulator:29 - at 200.000 ns: Warning: Timing violation in
   /Pipeline_Datapath_tb/UUT/XLXI_97/inst/  $recovery( CLKA:200.000 ns,
   CLKB:200.000 ns,1.000 ns)

WARNING:Simulator:29 - at 200.000 ns: Warning: Timing violation in
   /Pipeline_Datapath_tb/UUT/XLXI_119/XLXI_57/inst/  $recovery( CLKB:200.000 ns,
   CLKA:200.000 ns,1.000 ns)

WARNING:Simulator:29 - at 200.000 ns: Warning: Timing violation in
   /Pipeline_Datapath_tb/UUT/XLXI_119/XLXI_57/inst/  $recovery( CLKA:200.000 ns,
   CLKB:200.000 ns,1.000 ns)

WARNING:Simulator:29 - at 200.000 ns: Warning: Timing violation in
   /Pipeline_Datapath_tb/UUT/XLXI_119/XLXI_58/inst/  $recovery( CLKB:200.000 ns,
   CLKA:200.000 ns,1.000 ns)

WARNING:Simulator:29 - at 200.000 ns: Warning: Timing violation in
   /Pipeline_Datapath_tb/UUT/XLXI_119/XLXI_58/inst/  $recovery( CLKA:200.000 ns,
   CLKB:200.000 ns,1.000 ns)

WARNING:Simulator:29 - at 300.000 ns: Warning: Timing violation in
   /Pipeline_Datapath_tb/UUT/XLXI_32/inst/  $recovery( CLKB:300.000 ns,
   CLKA:300.000 ns,1.000 ns)

WARNING:Simulator:29 - at 300.000 ns: Warning: Timing violation in
   /Pipeline_Datapath_tb/UUT/XLXI_32/inst/  $recovery( CLKA:300.000 ns,
   CLKB:300.000 ns,1.000 ns)

WARNING:Simulator:29 - at 300.000 ns: Warning: Timing violation in
   /Pipeline_Datapath_tb/UUT/XLXI_97/inst/  $recovery( CLKB:300.000 ns,
   CLKA:300.000 ns,1.000 ns)

WARNING:Simulator:29 - at 300.000 ns: Warning: Timing violation in
   /Pipeline_Datapath_tb/UUT/XLXI_97/inst/  $recovery( CLKA:300.000 ns,
   CLKB:300.000 ns,1.000 ns)

WARNING:Simulator:29 - at 300.000 ns: Warning: Timing violation in
   /Pipeline_Datapath_tb/UUT/XLXI_119/XLXI_57/inst/  $recovery( CLKB:300.000 ns,
   CLKA:300.000 ns,1.000 ns)

WARNING:Simulator:29 - at 300.000 ns: Warning: Timing violation in
   /Pipeline_Datapath_tb/UUT/XLXI_119/XLXI_57/inst/  $recovery( CLKA:300.000 ns,
   CLKB:300.000 ns,1.000 ns)

WARNING:Simulator:29 - at 300.000 ns: Warning: Timing violation in
   /Pipeline_Datapath_tb/UUT/XLXI_119/XLXI_58/inst/  $recovery( CLKB:300.000 ns,
   CLKA:300.000 ns,1.000 ns)

WARNING:Simulator:29 - at 300.000 ns: Warning: Timing violation in
   /Pipeline_Datapath_tb/UUT/XLXI_119/XLXI_58/inst/  $recovery( CLKA:300.000 ns,
   CLKB:300.000 ns,1.000 ns)

WARNING:Simulator:29 - at 400.000 ns: Warning: Timing violation in
   /Pipeline_Datapath_tb/UUT/XLXI_32/inst/  $recovery( CLKB:400.000 ns,
   CLKA:400.000 ns,1.000 ns)

WARNING:Simulator:29 - at 400.000 ns: Warning: Timing violation in
   /Pipeline_Datapath_tb/UUT/XLXI_32/inst/  $recovery( CLKA:400.000 ns,
   CLKB:400.000 ns,1.000 ns)

WARNING:Simulator:29 - at 400.000 ns: Warning: Timing violation in
   /Pipeline_Datapath_tb/UUT/XLXI_97/inst/  $recovery( CLKB:400.000 ns,
   CLKA:400.000 ns,1.000 ns)

WARNING:Simulator:29 - at 400.000 ns: Warning: Timing violation in
   /Pipeline_Datapath_tb/UUT/XLXI_97/inst/  $recovery( CLKA:400.000 ns,
   CLKB:400.000 ns,1.000 ns)

WARNING:Simulator:29 - at 400.000 ns: Warning: Timing violation in
   /Pipeline_Datapath_tb/UUT/XLXI_119/XLXI_57/inst/  $recovery( CLKB:400.000 ns,
   CLKA:400.000 ns,1.000 ns)

WARNING:Simulator:29 - at 400.000 ns: Warning: Timing violation in
   /Pipeline_Datapath_tb/UUT/XLXI_119/XLXI_57/inst/  $recovery( CLKA:400.000 ns,
   CLKB:400.000 ns,1.000 ns)

WARNING:Simulator:29 - at 400.000 ns: Warning: Timing violation in
   /Pipeline_Datapath_tb/UUT/XLXI_119/XLXI_58/inst/  $recovery( CLKB:400.000 ns,
   CLKA:400.000 ns,1.000 ns)

WARNING:Simulator:29 - at 400.000 ns: Warning: Timing violation in
   /Pipeline_Datapath_tb/UUT/XLXI_119/XLXI_58/inst/  $recovery( CLKA:400.000 ns,
   CLKB:400.000 ns,1.000 ns)

WARNING:Simulator:29 - at 500.000 ns: Warning: Timing violation in
   /Pipeline_Datapath_tb/UUT/XLXI_32/inst/  $recovery( CLKB:500.000 ns,
   CLKA:500.000 ns,1.000 ns)

WARNING:Simulator:29 - at 500.000 ns: Warning: Timing violation in
   /Pipeline_Datapath_tb/UUT/XLXI_32/inst/  $recovery( CLKA:500.000 ns,
   CLKB:500.000 ns,1.000 ns)

WARNING:Simulator:29 - at 500.000 ns: Warning: Timing violation in
   /Pipeline_Datapath_tb/UUT/XLXI_97/inst/  $recovery( CLKB:500.000 ns,
   CLKA:500.000 ns,1.000 ns)

WARNING:Simulator:29 - at 500.000 ns: Warning: Timing violation in
   /Pipeline_Datapath_tb/UUT/XLXI_97/inst/  $recovery( CLKA:500.000 ns,
   CLKB:500.000 ns,1.000 ns)

WARNING:Simulator:29 - at 500.000 ns: Warning: Timing violation in
   /Pipeline_Datapath_tb/UUT/XLXI_119/XLXI_57/inst/  $recovery( CLKB:500.000 ns,
   CLKA:500.000 ns,1.000 ns)

WARNING:Simulator:29 - at 500.000 ns: Warning: Timing violation in
   /Pipeline_Datapath_tb/UUT/XLXI_119/XLXI_57/inst/  $recovery( CLKA:500.000 ns,
   CLKB:500.000 ns,1.000 ns)

WARNING:Simulator:29 - at 500.000 ns: Warning: Timing violation in
   /Pipeline_Datapath_tb/UUT/XLXI_119/XLXI_58/inst/  $recovery( CLKB:500.000 ns,
   CLKA:500.000 ns,1.000 ns)

WARNING:Simulator:29 - at 500.000 ns: Warning: Timing violation in
   /Pipeline_Datapath_tb/UUT/XLXI_119/XLXI_58/inst/  $recovery( CLKA:500.000 ns,
   CLKB:500.000 ns,1.000 ns)

WARNING:Simulator:29 - at 600.000 ns: Warning: Timing violation in
   /Pipeline_Datapath_tb/UUT/XLXI_32/inst/  $recovery( CLKB:600.000 ns,
   CLKA:600.000 ns,1.000 ns)

WARNING:Simulator:29 - at 600.000 ns: Warning: Timing violation in
   /Pipeline_Datapath_tb/UUT/XLXI_32/inst/  $recovery( CLKA:600.000 ns,
   CLKB:600.000 ns,1.000 ns)

WARNING:Simulator:29 - at 600.000 ns: Warning: Timing violation in
   /Pipeline_Datapath_tb/UUT/XLXI_97/inst/  $recovery( CLKB:600.000 ns,
   CLKA:600.000 ns,1.000 ns)

WARNING:Simulator:29 - at 600.000 ns: Warning: Timing violation in
   /Pipeline_Datapath_tb/UUT/XLXI_97/inst/  $recovery( CLKA:600.000 ns,
   CLKB:600.000 ns,1.000 ns)

WARNING:Simulator:29 - at 600.000 ns: Warning: Timing violation in
   /Pipeline_Datapath_tb/UUT/XLXI_119/XLXI_57/inst/  $recovery( CLKB:600.000 ns,
   CLKA:600.000 ns,1.000 ns)

WARNING:Simulator:29 - at 600.000 ns: Warning: Timing violation in
   /Pipeline_Datapath_tb/UUT/XLXI_119/XLXI_57/inst/  $recovery( CLKA:600.000 ns,
   CLKB:600.000 ns,1.000 ns)

WARNING:Simulator:29 - at 600.000 ns: Warning: Timing violation in
   /Pipeline_Datapath_tb/UUT/XLXI_119/XLXI_58/inst/  $recovery( CLKB:600.000 ns,
   CLKA:600.000 ns,1.000 ns)

WARNING:Simulator:29 - at 600.000 ns: Warning: Timing violation in
   /Pipeline_Datapath_tb/UUT/XLXI_119/XLXI_58/inst/  $recovery( CLKA:600.000 ns,
   CLKB:600.000 ns,1.000 ns)

WARNING:Simulator:29 - at 700.000 ns: Warning: Timing violation in
   /Pipeline_Datapath_tb/UUT/XLXI_32/inst/  $recovery( CLKB:700.000 ns,
   CLKA:700.000 ns,1.000 ns)

WARNING:Simulator:29 - at 700.000 ns: Warning: Timing violation in
   /Pipeline_Datapath_tb/UUT/XLXI_32/inst/  $recovery( CLKA:700.000 ns,
   CLKB:700.000 ns,1.000 ns)

WARNING:Simulator:29 - at 700.000 ns: Warning: Timing violation in
   /Pipeline_Datapath_tb/UUT/XLXI_97/inst/  $recovery( CLKB:700.000 ns,
   CLKA:700.000 ns,1.000 ns)

WARNING:Simulator:29 - at 700.000 ns: Warning: Timing violation in
   /Pipeline_Datapath_tb/UUT/XLXI_97/inst/  $recovery( CLKA:700.000 ns,
   CLKB:700.000 ns,1.000 ns)

WARNING:Simulator:29 - at 700.000 ns: Warning: Timing violation in
   /Pipeline_Datapath_tb/UUT/XLXI_119/XLXI_57/inst/  $recovery( CLKB:700.000 ns,
   CLKA:700.000 ns,1.000 ns)

WARNING:Simulator:29 - at 700.000 ns: Warning: Timing violation in
   /Pipeline_Datapath_tb/UUT/XLXI_119/XLXI_57/inst/  $recovery( CLKA:700.000 ns,
   CLKB:700.000 ns,1.000 ns)

WARNING:Simulator:29 - at 700.000 ns: Warning: Timing violation in
   /Pipeline_Datapath_tb/UUT/XLXI_119/XLXI_58/inst/  $recovery( CLKB:700.000 ns,
   CLKA:700.000 ns,1.000 ns)

WARNING:Simulator:29 - at 700.000 ns: Warning: Timing violation in
   /Pipeline_Datapath_tb/UUT/XLXI_119/XLXI_58/inst/  $recovery( CLKA:700.000 ns,
   CLKB:700.000 ns,1.000 ns)

WARNING:Simulator:29 - at 800.000 ns: Warning: Timing violation in
   /Pipeline_Datapath_tb/UUT/XLXI_32/inst/  $recovery( CLKB:800.000 ns,
   CLKA:800.000 ns,1.000 ns)

WARNING:Simulator:29 - at 800.000 ns: Warning: Timing violation in
   /Pipeline_Datapath_tb/UUT/XLXI_32/inst/  $recovery( CLKA:800.000 ns,
   CLKB:800.000 ns,1.000 ns)

WARNING:Simulator:29 - at 800.000 ns: Warning: Timing violation in
   /Pipeline_Datapath_tb/UUT/XLXI_97/inst/  $recovery( CLKB:800.000 ns,
   CLKA:800.000 ns,1.000 ns)

WARNING:Simulator:29 - at 800.000 ns: Warning: Timing violation in
   /Pipeline_Datapath_tb/UUT/XLXI_97/inst/  $recovery( CLKA:800.000 ns,
   CLKB:800.000 ns,1.000 ns)

WARNING:Simulator:29 - at 800.000 ns: Warning: Timing violation in
   /Pipeline_Datapath_tb/UUT/XLXI_119/XLXI_57/inst/  $recovery( CLKB:800.000 ns,
   CLKA:800.000 ns,1.000 ns)

WARNING:Simulator:29 - at 800.000 ns: Warning: Timing violation in
   /Pipeline_Datapath_tb/UUT/XLXI_119/XLXI_57/inst/  $recovery( CLKA:800.000 ns,
   CLKB:800.000 ns,1.000 ns)

WARNING:Simulator:29 - at 800.000 ns: Warning: Timing violation in
   /Pipeline_Datapath_tb/UUT/XLXI_119/XLXI_58/inst/  $recovery( CLKB:800.000 ns,
   CLKA:800.000 ns,1.000 ns)

WARNING:Simulator:29 - at 800.000 ns: Warning: Timing violation in
   /Pipeline_Datapath_tb/UUT/XLXI_119/XLXI_58/inst/  $recovery( CLKA:800.000 ns,
   CLKB:800.000 ns,1.000 ns)

WARNING:Simulator:29 - at 900.000 ns: Warning: Timing violation in
   /Pipeline_Datapath_tb/UUT/XLXI_32/inst/  $recovery( CLKB:900.000 ns,
   CLKA:900.000 ns,1.000 ns)

WARNING:Simulator:29 - at 900.000 ns: Warning: Timing violation in
   /Pipeline_Datapath_tb/UUT/XLXI_32/inst/  $recovery( CLKA:900.000 ns,
   CLKB:900.000 ns,1.000 ns)

WARNING:Simulator:29 - at 900.000 ns: Warning: Timing violation in
   /Pipeline_Datapath_tb/UUT/XLXI_97/inst/  $recovery( CLKB:900.000 ns,
   CLKA:900.000 ns,1.000 ns)

WARNING:Simulator:29 - at 900.000 ns: Warning: Timing violation in
   /Pipeline_Datapath_tb/UUT/XLXI_97/inst/  $recovery( CLKA:900.000 ns,
   CLKB:900.000 ns,1.000 ns)

WARNING:Simulator:29 - at 900.000 ns: Warning: Timing violation in
   /Pipeline_Datapath_tb/UUT/XLXI_119/XLXI_57/inst/  $recovery( CLKB:900.000 ns,
   CLKA:900.000 ns,1.000 ns)

WARNING:Simulator:29 - at 900.000 ns: Warning: Timing violation in
   /Pipeline_Datapath_tb/UUT/XLXI_119/XLXI_57/inst/  $recovery( CLKA:900.000 ns,
   CLKB:900.000 ns,1.000 ns)

WARNING:Simulator:29 - at 900.000 ns: Warning: Timing violation in
   /Pipeline_Datapath_tb/UUT/XLXI_119/XLXI_58/inst/  $recovery( CLKB:900.000 ns,
   CLKA:900.000 ns,1.000 ns)

WARNING:Simulator:29 - at 900.000 ns: Warning: Timing violation in
   /Pipeline_Datapath_tb/UUT/XLXI_119/XLXI_58/inst/  $recovery( CLKA:900.000 ns,
   CLKB:900.000 ns,1.000 ns)

WARNING:Simulator:29 - at 1.000 us: Warning: Timing violation in
   /Pipeline_Datapath_tb/UUT/XLXI_32/inst/  $recovery( CLKB:1.000 us, CLKA:1.000
   us,1.000 ns)

WARNING:Simulator:29 - at 1.000 us: Warning: Timing violation in
   /Pipeline_Datapath_tb/UUT/XLXI_32/inst/  $recovery( CLKA:1.000 us, CLKB:1.000
   us,1.000 ns)

WARNING:Simulator:29 - at 1.000 us: Warning: Timing violation in
   /Pipeline_Datapath_tb/UUT/XLXI_97/inst/  $recovery( CLKB:1.000 us, CLKA:1.000
   us,1.000 ns)

WARNING:Simulator:29 - at 1.000 us: Warning: Timing violation in
   /Pipeline_Datapath_tb/UUT/XLXI_97/inst/  $recovery( CLKA:1.000 us, CLKB:1.000
   us,1.000 ns)

WARNING:Simulator:29 - at 1.000 us: Warning: Timing violation in
   /Pipeline_Datapath_tb/UUT/XLXI_119/XLXI_57/inst/  $recovery( CLKB:1.000 us,
   CLKA:1.000 us,1.000 ns)

WARNING:Simulator:29 - at 1.000 us: Warning: Timing violation in
   /Pipeline_Datapath_tb/UUT/XLXI_119/XLXI_57/inst/  $recovery( CLKA:1.000 us,
   CLKB:1.000 us,1.000 ns)

WARNING:Simulator:29 - at 1.000 us: Warning: Timing violation in
   /Pipeline_Datapath_tb/UUT/XLXI_119/XLXI_58/inst/  $recovery( CLKB:1.000 us,
   CLKA:1.000 us,1.000 ns)

WARNING:Simulator:29 - at 1.000 us: Warning: Timing violation in
   /Pipeline_Datapath_tb/UUT/XLXI_119/XLXI_58/inst/  $recovery( CLKA:1.000 us,
   CLKB:1.000 us,1.000 ns)

WARNING:Simulator:29 - at 1.100 us: Warning: Timing violation in
   /Pipeline_Datapath_tb/UUT/XLXI_32/inst/  $recovery( CLKB:1.100 us, CLKA:1.100
   us,1.000 ns)

WARNING:Simulator:29 - at 1.100 us: Warning: Timing violation in
   /Pipeline_Datapath_tb/UUT/XLXI_32/inst/  $recovery( CLKA:1.100 us, CLKB:1.100
   us,1.000 ns)

WARNING:Simulator:29 - at 1.100 us: Warning: Timing violation in
   /Pipeline_Datapath_tb/UUT/XLXI_97/inst/  $recovery( CLKB:1.100 us, CLKA:1.100
   us,1.000 ns)

WARNING:Simulator:29 - at 1.100 us: Warning: Timing violation in
   /Pipeline_Datapath_tb/UUT/XLXI_97/inst/  $recovery( CLKA:1.100 us, CLKB:1.100
   us,1.000 ns)

WARNING:Simulator:29 - at 1.100 us: Warning: Timing violation in
   /Pipeline_Datapath_tb/UUT/XLXI_119/XLXI_57/inst/  $recovery( CLKB:1.100 us,
   CLKA:1.100 us,1.000 ns)

WARNING:Simulator:29 - at 1.100 us: Warning: Timing violation in
   /Pipeline_Datapath_tb/UUT/XLXI_119/XLXI_57/inst/  $recovery( CLKA:1.100 us,
   CLKB:1.100 us,1.000 ns)

WARNING:Simulator:29 - at 1.100 us: Warning: Timing violation in
   /Pipeline_Datapath_tb/UUT/XLXI_119/XLXI_58/inst/  $recovery( CLKB:1.100 us,
   CLKA:1.100 us,1.000 ns)

WARNING:Simulator:29 - at 1.100 us: Warning: Timing violation in
   /Pipeline_Datapath_tb/UUT/XLXI_119/XLXI_58/inst/  $recovery( CLKA:1.100 us,
   CLKB:1.100 us,1.000 ns)

WARNING:Simulator:29 - at 1.200 us: Warning: Timing violation in
   /Pipeline_Datapath_tb/UUT/XLXI_32/inst/  $recovery( CLKB:1.200 us, CLKA:1.200
   us,1.000 ns)

WARNING:Simulator:29 - at 1.200 us: Warning: Timing violation in
   /Pipeline_Datapath_tb/UUT/XLXI_32/inst/  $recovery( CLKA:1.200 us, CLKB:1.200
   us,1.000 ns)

WARNING:Simulator:29 - at 1.200 us: Warning: Timing violation in
   /Pipeline_Datapath_tb/UUT/XLXI_97/inst/  $recovery( CLKB:1.200 us, CLKA:1.200
   us,1.000 ns)

WARNING:Simulator:29 - at 1.200 us: Warning: Timing violation in
   /Pipeline_Datapath_tb/UUT/XLXI_97/inst/  $recovery( CLKA:1.200 us, CLKB:1.200
   us,1.000 ns)

WARNING:Simulator:29 - at 1.200 us: Warning: Timing violation in
   /Pipeline_Datapath_tb/UUT/XLXI_119/XLXI_57/inst/  $recovery( CLKB:1.200 us,
   CLKA:1.200 us,1.000 ns)

WARNING:Simulator:29 - at 1.200 us: Warning: Timing violation in
   /Pipeline_Datapath_tb/UUT/XLXI_119/XLXI_57/inst/  $recovery( CLKA:1.200 us,
   CLKB:1.200 us,1.000 ns)

WARNING:Simulator:29 - at 1.200 us: Warning: Timing violation in
   /Pipeline_Datapath_tb/UUT/XLXI_119/XLXI_58/inst/  $recovery( CLKB:1.200 us,
   CLKA:1.200 us,1.000 ns)

WARNING:Simulator:29 - at 1.200 us: Warning: Timing violation in
   /Pipeline_Datapath_tb/UUT/XLXI_119/XLXI_58/inst/  $recovery( CLKA:1.200 us,
   CLKB:1.200 us,1.000 ns)

WARNING:Simulator:29 - at 1.300 us: Warning: Timing violation in
   /Pipeline_Datapath_tb/UUT/XLXI_32/inst/  $recovery( CLKB:1.300 us, CLKA:1.300
   us,1.000 ns)

WARNING:Simulator:29 - at 1.300 us: Warning: Timing violation in
   /Pipeline_Datapath_tb/UUT/XLXI_32/inst/  $recovery( CLKA:1.300 us, CLKB:1.300
   us,1.000 ns)

WARNING:Simulator:29 - at 1.300 us: Warning: Timing violation in
   /Pipeline_Datapath_tb/UUT/XLXI_97/inst/  $recovery( CLKB:1.300 us, CLKA:1.300
   us,1.000 ns)

WARNING:Simulator:29 - at 1.300 us: Warning: Timing violation in
   /Pipeline_Datapath_tb/UUT/XLXI_97/inst/  $recovery( CLKA:1.300 us, CLKB:1.300
   us,1.000 ns)

WARNING:Simulator:29 - at 1.300 us: Warning: Timing violation in
   /Pipeline_Datapath_tb/UUT/XLXI_119/XLXI_57/inst/  $recovery( CLKB:1.300 us,
   CLKA:1.300 us,1.000 ns)

WARNING:Simulator:29 - at 1.300 us: Warning: Timing violation in
   /Pipeline_Datapath_tb/UUT/XLXI_119/XLXI_57/inst/  $recovery( CLKA:1.300 us,
   CLKB:1.300 us,1.000 ns)

WARNING:Simulator:29 - at 1.300 us: Warning: Timing violation in
   /Pipeline_Datapath_tb/UUT/XLXI_119/XLXI_58/inst/  $recovery( CLKB:1.300 us,
   CLKA:1.300 us,1.000 ns)

WARNING:Simulator:29 - at 1.300 us: Warning: Timing violation in
   /Pipeline_Datapath_tb/UUT/XLXI_119/XLXI_58/inst/  $recovery( CLKA:1.300 us,
   CLKB:1.300 us,1.000 ns)

WARNING:Simulator:29 - at 1.400 us: Warning: Timing violation in
   /Pipeline_Datapath_tb/UUT/XLXI_32/inst/  $recovery( CLKB:1.400 us, CLKA:1.400
   us,1.000 ns)

WARNING:Simulator:29 - at 1.400 us: Warning: Timing violation in
   /Pipeline_Datapath_tb/UUT/XLXI_32/inst/  $recovery( CLKA:1.400 us, CLKB:1.400
   us,1.000 ns)

WARNING:Simulator:29 - at 1.400 us: Warning: Timing violation in
   /Pipeline_Datapath_tb/UUT/XLXI_97/inst/  $recovery( CLKB:1.400 us, CLKA:1.400
   us,1.000 ns)

WARNING:Simulator:29 - at 1.400 us: Warning: Timing violation in
   /Pipeline_Datapath_tb/UUT/XLXI_97/inst/  $recovery( CLKA:1.400 us, CLKB:1.400
   us,1.000 ns)

WARNING:Simulator:29 - at 1.400 us: Warning: Timing violation in
   /Pipeline_Datapath_tb/UUT/XLXI_119/XLXI_57/inst/  $recovery( CLKB:1.400 us,
   CLKA:1.400 us,1.000 ns)

WARNING:Simulator:29 - at 1.400 us: Warning: Timing violation in
   /Pipeline_Datapath_tb/UUT/XLXI_119/XLXI_57/inst/  $recovery( CLKA:1.400 us,
   CLKB:1.400 us,1.000 ns)

WARNING:Simulator:29 - at 1.400 us: Warning: Timing violation in
   /Pipeline_Datapath_tb/UUT/XLXI_119/XLXI_58/inst/  $recovery( CLKB:1.400 us,
   CLKA:1.400 us,1.000 ns)

WARNING:Simulator:29 - at 1.400 us: Warning: Timing violation in
   /Pipeline_Datapath_tb/UUT/XLXI_119/XLXI_58/inst/  $recovery( CLKA:1.400 us,
   CLKB:1.400 us,1.000 ns)

WARNING:Simulator:29 - at 1.500 us: Warning: Timing violation in
   /Pipeline_Datapath_tb/UUT/XLXI_32/inst/  $recovery( CLKB:1.500 us, CLKA:1.500
   us,1.000 ns)

WARNING:Simulator:29 - at 1.500 us: Warning: Timing violation in
   /Pipeline_Datapath_tb/UUT/XLXI_32/inst/  $recovery( CLKA:1.500 us, CLKB:1.500
   us,1.000 ns)

WARNING:Simulator:29 - at 1.500 us: Warning: Timing violation in
   /Pipeline_Datapath_tb/UUT/XLXI_97/inst/  $recovery( CLKB:1.500 us, CLKA:1.500
   us,1.000 ns)

WARNING:Simulator:29 - at 1.500 us: Warning: Timing violation in
   /Pipeline_Datapath_tb/UUT/XLXI_97/inst/  $recovery( CLKA:1.500 us, CLKB:1.500
   us,1.000 ns)

WARNING:Simulator:29 - at 1.500 us: Warning: Timing violation in
   /Pipeline_Datapath_tb/UUT/XLXI_119/XLXI_57/inst/  $recovery( CLKB:1.500 us,
   CLKA:1.500 us,1.000 ns)

WARNING:Simulator:29 - at 1.500 us: Warning: Timing violation in
   /Pipeline_Datapath_tb/UUT/XLXI_119/XLXI_57/inst/  $recovery( CLKA:1.500 us,
   CLKB:1.500 us,1.000 ns)

WARNING:Simulator:29 - at 1.500 us: Warning: Timing violation in
   /Pipeline_Datapath_tb/UUT/XLXI_119/XLXI_58/inst/  $recovery( CLKB:1.500 us,
   CLKA:1.500 us,1.000 ns)

WARNING:Simulator:29 - at 1.500 us: Warning: Timing violation in
   /Pipeline_Datapath_tb/UUT/XLXI_119/XLXI_58/inst/  $recovery( CLKA:1.500 us,
   CLKB:1.500 us,1.000 ns)

WARNING:Simulator:29 - at 1.600 us: Warning: Timing violation in
   /Pipeline_Datapath_tb/UUT/XLXI_32/inst/  $recovery( CLKB:1.600 us, CLKA:1.600
   us,1.000 ns)

WARNING:Simulator:29 - at 1.600 us: Warning: Timing violation in
   /Pipeline_Datapath_tb/UUT/XLXI_32/inst/  $recovery( CLKA:1.600 us, CLKB:1.600
   us,1.000 ns)

WARNING:Simulator:29 - at 1.600 us: Warning: Timing violation in
   /Pipeline_Datapath_tb/UUT/XLXI_97/inst/  $recovery( CLKB:1.600 us, CLKA:1.600
   us,1.000 ns)

WARNING:Simulator:29 - at 1.600 us: Warning: Timing violation in
   /Pipeline_Datapath_tb/UUT/XLXI_97/inst/  $recovery( CLKA:1.600 us, CLKB:1.600
   us,1.000 ns)

WARNING:Simulator:29 - at 1.600 us: Warning: Timing violation in
   /Pipeline_Datapath_tb/UUT/XLXI_119/XLXI_57/inst/  $recovery( CLKB:1.600 us,
   CLKA:1.600 us,1.000 ns)

WARNING:Simulator:29 - at 1.600 us: Warning: Timing violation in
   /Pipeline_Datapath_tb/UUT/XLXI_119/XLXI_57/inst/  $recovery( CLKA:1.600 us,
   CLKB:1.600 us,1.000 ns)

WARNING:Simulator:29 - at 1.600 us: Warning: Timing violation in
   /Pipeline_Datapath_tb/UUT/XLXI_119/XLXI_58/inst/  $recovery( CLKB:1.600 us,
   CLKA:1.600 us,1.000 ns)

WARNING:Simulator:29 - at 1.600 us: Warning: Timing violation in
   /Pipeline_Datapath_tb/UUT/XLXI_119/XLXI_58/inst/  $recovery( CLKA:1.600 us,
   CLKB:1.600 us,1.000 ns)

WARNING:Simulator:29 - at 1.700 us: Warning: Timing violation in
   /Pipeline_Datapath_tb/UUT/XLXI_32/inst/  $recovery( CLKB:1.700 us, CLKA:1.700
   us,1.000 ns)

WARNING:Simulator:29 - at 1.700 us: Warning: Timing violation in
   /Pipeline_Datapath_tb/UUT/XLXI_32/inst/  $recovery( CLKA:1.700 us, CLKB:1.700
   us,1.000 ns)

WARNING:Simulator:29 - at 1.700 us: Warning: Timing violation in
   /Pipeline_Datapath_tb/UUT/XLXI_97/inst/  $recovery( CLKB:1.700 us, CLKA:1.700
   us,1.000 ns)

WARNING:Simulator:29 - at 1.700 us: Warning: Timing violation in
   /Pipeline_Datapath_tb/UUT/XLXI_97/inst/  $recovery( CLKA:1.700 us, CLKB:1.700
   us,1.000 ns)

WARNING:Simulator:29 - at 1.700 us: Warning: Timing violation in
   /Pipeline_Datapath_tb/UUT/XLXI_119/XLXI_57/inst/  $recovery( CLKB:1.700 us,
   CLKA:1.700 us,1.000 ns)

WARNING:Simulator:29 - at 1.700 us: Warning: Timing violation in
   /Pipeline_Datapath_tb/UUT/XLXI_119/XLXI_57/inst/  $recovery( CLKA:1.700 us,
   CLKB:1.700 us,1.000 ns)

WARNING:Simulator:29 - at 1.700 us: Warning: Timing violation in
   /Pipeline_Datapath_tb/UUT/XLXI_119/XLXI_58/inst/  $recovery( CLKB:1.700 us,
   CLKA:1.700 us,1.000 ns)

WARNING:Simulator:29 - at 1.700 us: Warning: Timing violation in
   /Pipeline_Datapath_tb/UUT/XLXI_119/XLXI_58/inst/  $recovery( CLKA:1.700 us,
   CLKB:1.700 us,1.000 ns)

WARNING:Simulator:29 - at 1.800 us: Warning: Timing violation in
   /Pipeline_Datapath_tb/UUT/XLXI_32/inst/  $recovery( CLKB:1.800 us, CLKA:1.800
   us,1.000 ns)

WARNING:Simulator:29 - at 1.800 us: Warning: Timing violation in
   /Pipeline_Datapath_tb/UUT/XLXI_32/inst/  $recovery( CLKA:1.800 us, CLKB:1.800
   us,1.000 ns)

WARNING:Simulator:29 - at 1.800 us: Warning: Timing violation in
   /Pipeline_Datapath_tb/UUT/XLXI_97/inst/  $recovery( CLKB:1.800 us, CLKA:1.800
   us,1.000 ns)

WARNING:Simulator:29 - at 1.800 us: Warning: Timing violation in
   /Pipeline_Datapath_tb/UUT/XLXI_97/inst/  $recovery( CLKA:1.800 us, CLKB:1.800
   us,1.000 ns)

WARNING:Simulator:29 - at 1.800 us: Warning: Timing violation in
   /Pipeline_Datapath_tb/UUT/XLXI_119/XLXI_57/inst/  $recovery( CLKB:1.800 us,
   CLKA:1.800 us,1.000 ns)

WARNING:Simulator:29 - at 1.800 us: Warning: Timing violation in
   /Pipeline_Datapath_tb/UUT/XLXI_119/XLXI_57/inst/  $recovery( CLKA:1.800 us,
   CLKB:1.800 us,1.000 ns)

WARNING:Simulator:29 - at 1.800 us: Warning: Timing violation in
   /Pipeline_Datapath_tb/UUT/XLXI_119/XLXI_58/inst/  $recovery( CLKB:1.800 us,
   CLKA:1.800 us,1.000 ns)

WARNING:Simulator:29 - at 1.800 us: Warning: Timing violation in
   /Pipeline_Datapath_tb/UUT/XLXI_119/XLXI_58/inst/  $recovery( CLKA:1.800 us,
   CLKB:1.800 us,1.000 ns)

WARNING:Simulator:29 - at 1.900 us: Warning: Timing violation in
   /Pipeline_Datapath_tb/UUT/XLXI_32/inst/  $recovery( CLKB:1.900 us, CLKA:1.900
   us,1.000 ns)

WARNING:Simulator:29 - at 1.900 us: Warning: Timing violation in
   /Pipeline_Datapath_tb/UUT/XLXI_32/inst/  $recovery( CLKA:1.900 us, CLKB:1.900
   us,1.000 ns)

WARNING:Simulator:29 - at 1.900 us: Warning: Timing violation in
   /Pipeline_Datapath_tb/UUT/XLXI_97/inst/  $recovery( CLKB:1.900 us, CLKA:1.900
   us,1.000 ns)

WARNING:Simulator:29 - at 1.900 us: Warning: Timing violation in
   /Pipeline_Datapath_tb/UUT/XLXI_97/inst/  $recovery( CLKA:1.900 us, CLKB:1.900
   us,1.000 ns)

WARNING:Simulator:29 - at 1.900 us: Warning: Timing violation in
   /Pipeline_Datapath_tb/UUT/XLXI_119/XLXI_57/inst/  $recovery( CLKB:1.900 us,
   CLKA:1.900 us,1.000 ns)

WARNING:Simulator:29 - at 1.900 us: Warning: Timing violation in
   /Pipeline_Datapath_tb/UUT/XLXI_119/XLXI_57/inst/  $recovery( CLKA:1.900 us,
   CLKB:1.900 us,1.000 ns)

WARNING:Simulator:29 - at 1.900 us: Warning: Timing violation in
   /Pipeline_Datapath_tb/UUT/XLXI_119/XLXI_58/inst/  $recovery( CLKB:1.900 us,
   CLKA:1.900 us,1.000 ns)

WARNING:Simulator:29 - at 1.900 us: Warning: Timing violation in
   /Pipeline_Datapath_tb/UUT/XLXI_119/XLXI_58/inst/  $recovery( CLKA:1.900 us,
   CLKB:1.900 us,1.000 ns)

WARNING:Simulator:29 - at 2.000 us: Warning: Timing violation in
   /Pipeline_Datapath_tb/UUT/XLXI_32/inst/  $recovery( CLKB:2.000 us, CLKA:2.000
   us,1.000 ns)

WARNING:Simulator:29 - at 2.000 us: Warning: Timing violation in
   /Pipeline_Datapath_tb/UUT/XLXI_32/inst/  $recovery( CLKA:2.000 us, CLKB:2.000
   us,1.000 ns)

WARNING:Simulator:29 - at 2.000 us: Warning: Timing violation in
   /Pipeline_Datapath_tb/UUT/XLXI_97/inst/  $recovery( CLKB:2.000 us, CLKA:2.000
   us,1.000 ns)

WARNING:Simulator:29 - at 2.000 us: Warning: Timing violation in
   /Pipeline_Datapath_tb/UUT/XLXI_97/inst/  $recovery( CLKA:2.000 us, CLKB:2.000
   us,1.000 ns)

WARNING:Simulator:29 - at 2.000 us: Warning: Timing violation in
   /Pipeline_Datapath_tb/UUT/XLXI_119/XLXI_57/inst/  $recovery( CLKB:2.000 us,
   CLKA:2.000 us,1.000 ns)

WARNING:Simulator:29 - at 2.000 us: Warning: Timing violation in
   /Pipeline_Datapath_tb/UUT/XLXI_119/XLXI_57/inst/  $recovery( CLKA:2.000 us,
   CLKB:2.000 us,1.000 ns)

WARNING:Simulator:29 - at 2.000 us: Warning: Timing violation in
   /Pipeline_Datapath_tb/UUT/XLXI_119/XLXI_58/inst/  $recovery( CLKB:2.000 us,
   CLKA:2.000 us,1.000 ns)

WARNING:Simulator:29 - at 2.000 us: Warning: Timing violation in
   /Pipeline_Datapath_tb/UUT/XLXI_119/XLXI_58/inst/  $recovery( CLKA:2.000 us,
   CLKB:2.000 us,1.000 ns)

WARNING:Simulator:29 - at 2.100 us: Warning: Timing violation in
   /Pipeline_Datapath_tb/UUT/XLXI_32/inst/  $recovery( CLKB:2.100 us, CLKA:2.100
   us,1.000 ns)

WARNING:Simulator:29 - at 2.100 us: Warning: Timing violation in
   /Pipeline_Datapath_tb/UUT/XLXI_32/inst/  $recovery( CLKA:2.100 us, CLKB:2.100
   us,1.000 ns)

WARNING:Simulator:29 - at 2.100 us: Warning: Timing violation in
   /Pipeline_Datapath_tb/UUT/XLXI_97/inst/  $recovery( CLKB:2.100 us, CLKA:2.100
   us,1.000 ns)

WARNING:Simulator:29 - at 2.100 us: Warning: Timing violation in
   /Pipeline_Datapath_tb/UUT/XLXI_97/inst/  $recovery( CLKA:2.100 us, CLKB:2.100
   us,1.000 ns)

WARNING:Simulator:29 - at 2.100 us: Warning: Timing violation in
   /Pipeline_Datapath_tb/UUT/XLXI_119/XLXI_57/inst/  $recovery( CLKB:2.100 us,
   CLKA:2.100 us,1.000 ns)

WARNING:Simulator:29 - at 2.100 us: Warning: Timing violation in
   /Pipeline_Datapath_tb/UUT/XLXI_119/XLXI_57/inst/  $recovery( CLKA:2.100 us,
   CLKB:2.100 us,1.000 ns)

WARNING:Simulator:29 - at 2.100 us: Warning: Timing violation in
   /Pipeline_Datapath_tb/UUT/XLXI_119/XLXI_58/inst/  $recovery( CLKB:2.100 us,
   CLKA:2.100 us,1.000 ns)

WARNING:Simulator:29 - at 2.100 us: Warning: Timing violation in
   /Pipeline_Datapath_tb/UUT/XLXI_119/XLXI_58/inst/  $recovery( CLKA:2.100 us,
   CLKB:2.100 us,1.000 ns)

WARNING:Simulator:29 - at 2.200 us: Warning: Timing violation in
   /Pipeline_Datapath_tb/UUT/XLXI_32/inst/  $recovery( CLKB:2.200 us, CLKA:2.200
   us,1.000 ns)

WARNING:Simulator:29 - at 2.200 us: Warning: Timing violation in
   /Pipeline_Datapath_tb/UUT/XLXI_32/inst/  $recovery( CLKA:2.200 us, CLKB:2.200
   us,1.000 ns)

WARNING:Simulator:29 - at 2.200 us: Warning: Timing violation in
   /Pipeline_Datapath_tb/UUT/XLXI_97/inst/  $recovery( CLKB:2.200 us, CLKA:2.200
   us,1.000 ns)

WARNING:Simulator:29 - at 2.200 us: Warning: Timing violation in
   /Pipeline_Datapath_tb/UUT/XLXI_97/inst/  $recovery( CLKA:2.200 us, CLKB:2.200
   us,1.000 ns)

WARNING:Simulator:29 - at 2.200 us: Warning: Timing violation in
   /Pipeline_Datapath_tb/UUT/XLXI_119/XLXI_57/inst/  $recovery( CLKB:2.200 us,
   CLKA:2.200 us,1.000 ns)

WARNING:Simulator:29 - at 2.200 us: Warning: Timing violation in
   /Pipeline_Datapath_tb/UUT/XLXI_119/XLXI_57/inst/  $recovery( CLKA:2.200 us,
   CLKB:2.200 us,1.000 ns)

WARNING:Simulator:29 - at 2.200 us: Warning: Timing violation in
   /Pipeline_Datapath_tb/UUT/XLXI_119/XLXI_58/inst/  $recovery( CLKB:2.200 us,
   CLKA:2.200 us,1.000 ns)

WARNING:Simulator:29 - at 2.200 us: Warning: Timing violation in
   /Pipeline_Datapath_tb/UUT/XLXI_119/XLXI_58/inst/  $recovery( CLKA:2.200 us,
   CLKB:2.200 us,1.000 ns)

WARNING:Simulator:29 - at 2.300 us: Warning: Timing violation in
   /Pipeline_Datapath_tb/UUT/XLXI_32/inst/  $recovery( CLKB:2.300 us, CLKA:2.300
   us,1.000 ns)

WARNING:Simulator:29 - at 2.300 us: Warning: Timing violation in
   /Pipeline_Datapath_tb/UUT/XLXI_32/inst/  $recovery( CLKA:2.300 us, CLKB:2.300
   us,1.000 ns)

WARNING:Simulator:29 - at 2.300 us: Warning: Timing violation in
   /Pipeline_Datapath_tb/UUT/XLXI_97/inst/  $recovery( CLKB:2.300 us, CLKA:2.300
   us,1.000 ns)

WARNING:Simulator:29 - at 2.300 us: Warning: Timing violation in
   /Pipeline_Datapath_tb/UUT/XLXI_97/inst/  $recovery( CLKA:2.300 us, CLKB:2.300
   us,1.000 ns)

WARNING:Simulator:29 - at 2.300 us: Warning: Timing violation in
   /Pipeline_Datapath_tb/UUT/XLXI_119/XLXI_57/inst/  $recovery( CLKB:2.300 us,
   CLKA:2.300 us,1.000 ns)

WARNING:Simulator:29 - at 2.300 us: Warning: Timing violation in
   /Pipeline_Datapath_tb/UUT/XLXI_119/XLXI_57/inst/  $recovery( CLKA:2.300 us,
   CLKB:2.300 us,1.000 ns)

WARNING:Simulator:29 - at 2.300 us: Warning: Timing violation in
   /Pipeline_Datapath_tb/UUT/XLXI_119/XLXI_58/inst/  $recovery( CLKB:2.300 us,
   CLKA:2.300 us,1.000 ns)

WARNING:Simulator:29 - at 2.300 us: Warning: Timing violation in
   /Pipeline_Datapath_tb/UUT/XLXI_119/XLXI_58/inst/  $recovery( CLKA:2.300 us,
   CLKB:2.300 us,1.000 ns)

WARNING:Simulator:29 - at 2.400 us: Warning: Timing violation in
   /Pipeline_Datapath_tb/UUT/XLXI_32/inst/  $recovery( CLKB:2.400 us, CLKA:2.400
   us,1.000 ns)

WARNING:Simulator:29 - at 2.400 us: Warning: Timing violation in
   /Pipeline_Datapath_tb/UUT/XLXI_32/inst/  $recovery( CLKA:2.400 us, CLKB:2.400
   us,1.000 ns)

WARNING:Simulator:29 - at 2.400 us: Warning: Timing violation in
   /Pipeline_Datapath_tb/UUT/XLXI_97/inst/  $recovery( CLKB:2.400 us, CLKA:2.400
   us,1.000 ns)

WARNING:Simulator:29 - at 2.400 us: Warning: Timing violation in
   /Pipeline_Datapath_tb/UUT/XLXI_97/inst/  $recovery( CLKA:2.400 us, CLKB:2.400
   us,1.000 ns)

WARNING:Simulator:29 - at 2.400 us: Warning: Timing violation in
   /Pipeline_Datapath_tb/UUT/XLXI_119/XLXI_57/inst/  $recovery( CLKB:2.400 us,
   CLKA:2.400 us,1.000 ns)

WARNING:Simulator:29 - at 2.400 us: Warning: Timing violation in
   /Pipeline_Datapath_tb/UUT/XLXI_119/XLXI_57/inst/  $recovery( CLKA:2.400 us,
   CLKB:2.400 us,1.000 ns)

WARNING:Simulator:29 - at 2.400 us: Warning: Timing violation in
   /Pipeline_Datapath_tb/UUT/XLXI_119/XLXI_58/inst/  $recovery( CLKB:2.400 us,
   CLKA:2.400 us,1.000 ns)

WARNING:Simulator:29 - at 2.400 us: Warning: Timing violation in
   /Pipeline_Datapath_tb/UUT/XLXI_119/XLXI_58/inst/  $recovery( CLKA:2.400 us,
   CLKB:2.400 us,1.000 ns)

WARNING:Simulator:29 - at 2.500 us: Warning: Timing violation in
   /Pipeline_Datapath_tb/UUT/XLXI_32/inst/  $recovery( CLKB:2.500 us, CLKA:2.500
   us,1.000 ns)

WARNING:Simulator:29 - at 2.500 us: Warning: Timing violation in
   /Pipeline_Datapath_tb/UUT/XLXI_32/inst/  $recovery( CLKA:2.500 us, CLKB:2.500
   us,1.000 ns)

WARNING:Simulator:29 - at 2.500 us: Warning: Timing violation in
   /Pipeline_Datapath_tb/UUT/XLXI_97/inst/  $recovery( CLKB:2.500 us, CLKA:2.500
   us,1.000 ns)

WARNING:Simulator:29 - at 2.500 us: Warning: Timing violation in
   /Pipeline_Datapath_tb/UUT/XLXI_97/inst/  $recovery( CLKA:2.500 us, CLKB:2.500
   us,1.000 ns)

WARNING:Simulator:29 - at 2.500 us: Warning: Timing violation in
   /Pipeline_Datapath_tb/UUT/XLXI_119/XLXI_57/inst/  $recovery( CLKB:2.500 us,
   CLKA:2.500 us,1.000 ns)

WARNING:Simulator:29 - at 2.500 us: Warning: Timing violation in
   /Pipeline_Datapath_tb/UUT/XLXI_119/XLXI_57/inst/  $recovery( CLKA:2.500 us,
   CLKB:2.500 us,1.000 ns)

WARNING:Simulator:29 - at 2.500 us: Warning: Timing violation in
   /Pipeline_Datapath_tb/UUT/XLXI_119/XLXI_58/inst/  $recovery( CLKB:2.500 us,
   CLKA:2.500 us,1.000 ns)

WARNING:Simulator:29 - at 2.500 us: Warning: Timing violation in
   /Pipeline_Datapath_tb/UUT/XLXI_119/XLXI_58/inst/  $recovery( CLKA:2.500 us,
   CLKB:2.500 us,1.000 ns)

WARNING:Simulator:29 - at 2.600 us: Warning: Timing violation in
   /Pipeline_Datapath_tb/UUT/XLXI_32/inst/  $recovery( CLKB:2.600 us, CLKA:2.600
   us,1.000 ns)

WARNING:Simulator:29 - at 2.600 us: Warning: Timing violation in
   /Pipeline_Datapath_tb/UUT/XLXI_32/inst/  $recovery( CLKA:2.600 us, CLKB:2.600
   us,1.000 ns)

WARNING:Simulator:29 - at 2.600 us: Warning: Timing violation in
   /Pipeline_Datapath_tb/UUT/XLXI_97/inst/  $recovery( CLKB:2.600 us, CLKA:2.600
   us,1.000 ns)

WARNING:Simulator:29 - at 2.600 us: Warning: Timing violation in
   /Pipeline_Datapath_tb/UUT/XLXI_97/inst/  $recovery( CLKA:2.600 us, CLKB:2.600
   us,1.000 ns)

WARNING:Simulator:29 - at 2.600 us: Warning: Timing violation in
   /Pipeline_Datapath_tb/UUT/XLXI_119/XLXI_57/inst/  $recovery( CLKB:2.600 us,
   CLKA:2.600 us,1.000 ns)

WARNING:Simulator:29 - at 2.600 us: Warning: Timing violation in
   /Pipeline_Datapath_tb/UUT/XLXI_119/XLXI_57/inst/  $recovery( CLKA:2.600 us,
   CLKB:2.600 us,1.000 ns)

WARNING:Simulator:29 - at 2.600 us: Warning: Timing violation in
   /Pipeline_Datapath_tb/UUT/XLXI_119/XLXI_58/inst/  $recovery( CLKB:2.600 us,
   CLKA:2.600 us,1.000 ns)

WARNING:Simulator:29 - at 2.600 us: Warning: Timing violation in
   /Pipeline_Datapath_tb/UUT/XLXI_119/XLXI_58/inst/  $recovery( CLKA:2.600 us,
   CLKB:2.600 us,1.000 ns)

WARNING:Simulator:29 - at 2.700 us: Warning: Timing violation in
   /Pipeline_Datapath_tb/UUT/XLXI_32/inst/  $recovery( CLKB:2.700 us, CLKA:2.700
   us,1.000 ns)

WARNING:Simulator:29 - at 2.700 us: Warning: Timing violation in
   /Pipeline_Datapath_tb/UUT/XLXI_32/inst/  $recovery( CLKA:2.700 us, CLKB:2.700
   us,1.000 ns)

WARNING:Simulator:29 - at 2.700 us: Warning: Timing violation in
   /Pipeline_Datapath_tb/UUT/XLXI_97/inst/  $recovery( CLKB:2.700 us, CLKA:2.700
   us,1.000 ns)

WARNING:Simulator:29 - at 2.700 us: Warning: Timing violation in
   /Pipeline_Datapath_tb/UUT/XLXI_97/inst/  $recovery( CLKA:2.700 us, CLKB:2.700
   us,1.000 ns)

WARNING:Simulator:29 - at 2.700 us: Warning: Timing violation in
   /Pipeline_Datapath_tb/UUT/XLXI_119/XLXI_57/inst/  $recovery( CLKB:2.700 us,
   CLKA:2.700 us,1.000 ns)

WARNING:Simulator:29 - at 2.700 us: Warning: Timing violation in
   /Pipeline_Datapath_tb/UUT/XLXI_119/XLXI_57/inst/  $recovery( CLKA:2.700 us,
   CLKB:2.700 us,1.000 ns)

WARNING:Simulator:29 - at 2.700 us: Warning: Timing violation in
   /Pipeline_Datapath_tb/UUT/XLXI_119/XLXI_58/inst/  $recovery( CLKB:2.700 us,
   CLKA:2.700 us,1.000 ns)

WARNING:Simulator:29 - at 2.700 us: Warning: Timing violation in
   /Pipeline_Datapath_tb/UUT/XLXI_119/XLXI_58/inst/  $recovery( CLKA:2.700 us,
   CLKB:2.700 us,1.000 ns)

WARNING:Simulator:29 - at 2.800 us: Warning: Timing violation in
   /Pipeline_Datapath_tb/UUT/XLXI_32/inst/  $recovery( CLKB:2.800 us, CLKA:2.800
   us,1.000 ns)

WARNING:Simulator:29 - at 2.800 us: Warning: Timing violation in
   /Pipeline_Datapath_tb/UUT/XLXI_32/inst/  $recovery( CLKA:2.800 us, CLKB:2.800
   us,1.000 ns)

WARNING:Simulator:29 - at 2.800 us: Warning: Timing violation in
   /Pipeline_Datapath_tb/UUT/XLXI_97/inst/  $recovery( CLKB:2.800 us, CLKA:2.800
   us,1.000 ns)

WARNING:Simulator:29 - at 2.800 us: Warning: Timing violation in
   /Pipeline_Datapath_tb/UUT/XLXI_97/inst/  $recovery( CLKA:2.800 us, CLKB:2.800
   us,1.000 ns)

WARNING:Simulator:29 - at 2.800 us: Warning: Timing violation in
   /Pipeline_Datapath_tb/UUT/XLXI_119/XLXI_57/inst/  $recovery( CLKB:2.800 us,
   CLKA:2.800 us,1.000 ns)

WARNING:Simulator:29 - at 2.800 us: Warning: Timing violation in
   /Pipeline_Datapath_tb/UUT/XLXI_119/XLXI_57/inst/  $recovery( CLKA:2.800 us,
   CLKB:2.800 us,1.000 ns)

WARNING:Simulator:29 - at 2.800 us: Warning: Timing violation in
   /Pipeline_Datapath_tb/UUT/XLXI_119/XLXI_58/inst/  $recovery( CLKB:2.800 us,
   CLKA:2.800 us,1.000 ns)

WARNING:Simulator:29 - at 2.800 us: Warning: Timing violation in
   /Pipeline_Datapath_tb/UUT/XLXI_119/XLXI_58/inst/  $recovery( CLKA:2.800 us,
   CLKB:2.800 us,1.000 ns)

WARNING:Simulator:29 - at 2.900 us: Warning: Timing violation in
   /Pipeline_Datapath_tb/UUT/XLXI_32/inst/  $recovery( CLKB:2.900 us, CLKA:2.900
   us,1.000 ns)

WARNING:Simulator:29 - at 2.900 us: Warning: Timing violation in
   /Pipeline_Datapath_tb/UUT/XLXI_32/inst/  $recovery( CLKA:2.900 us, CLKB:2.900
   us,1.000 ns)

WARNING:Simulator:29 - at 2.900 us: Warning: Timing violation in
   /Pipeline_Datapath_tb/UUT/XLXI_97/inst/  $recovery( CLKB:2.900 us, CLKA:2.900
   us,1.000 ns)

WARNING:Simulator:29 - at 2.900 us: Warning: Timing violation in
   /Pipeline_Datapath_tb/UUT/XLXI_97/inst/  $recovery( CLKA:2.900 us, CLKB:2.900
   us,1.000 ns)

WARNING:Simulator:29 - at 2.900 us: Warning: Timing violation in
   /Pipeline_Datapath_tb/UUT/XLXI_119/XLXI_57/inst/  $recovery( CLKB:2.900 us,
   CLKA:2.900 us,1.000 ns)

WARNING:Simulator:29 - at 2.900 us: Warning: Timing violation in
   /Pipeline_Datapath_tb/UUT/XLXI_119/XLXI_57/inst/  $recovery( CLKA:2.900 us,
   CLKB:2.900 us,1.000 ns)

WARNING:Simulator:29 - at 2.900 us: Warning: Timing violation in
   /Pipeline_Datapath_tb/UUT/XLXI_119/XLXI_58/inst/  $recovery( CLKB:2.900 us,
   CLKA:2.900 us,1.000 ns)

WARNING:Simulator:29 - at 2.900 us: Warning: Timing violation in
   /Pipeline_Datapath_tb/UUT/XLXI_119/XLXI_58/inst/  $recovery( CLKA:2.900 us,
   CLKB:2.900 us,1.000 ns)

WARNING:Simulator:29 - at 3.000 us: Warning: Timing violation in
   /Pipeline_Datapath_tb/UUT/XLXI_32/inst/  $recovery( CLKB:3.000 us, CLKA:3.000
   us,1.000 ns)

WARNING:Simulator:29 - at 3.000 us: Warning: Timing violation in
   /Pipeline_Datapath_tb/UUT/XLXI_32/inst/  $recovery( CLKA:3.000 us, CLKB:3.000
   us,1.000 ns)

WARNING:Simulator:29 - at 3.000 us: Warning: Timing violation in
   /Pipeline_Datapath_tb/UUT/XLXI_97/inst/  $recovery( CLKB:3.000 us, CLKA:3.000
   us,1.000 ns)

WARNING:Simulator:29 - at 3.000 us: Warning: Timing violation in
   /Pipeline_Datapath_tb/UUT/XLXI_97/inst/  $recovery( CLKA:3.000 us, CLKB:3.000
   us,1.000 ns)

WARNING:Simulator:29 - at 3.000 us: Warning: Timing violation in
   /Pipeline_Datapath_tb/UUT/XLXI_119/XLXI_57/inst/  $recovery( CLKB:3.000 us,
   CLKA:3.000 us,1.000 ns)

WARNING:Simulator:29 - at 3.000 us: Warning: Timing violation in
   /Pipeline_Datapath_tb/UUT/XLXI_119/XLXI_57/inst/  $recovery( CLKA:3.000 us,
   CLKB:3.000 us,1.000 ns)

WARNING:Simulator:29 - at 3.000 us: Warning: Timing violation in
   /Pipeline_Datapath_tb/UUT/XLXI_119/XLXI_58/inst/  $recovery( CLKB:3.000 us,
   CLKA:3.000 us,1.000 ns)

WARNING:Simulator:29 - at 3.000 us: Warning: Timing violation in
   /Pipeline_Datapath_tb/UUT/XLXI_119/XLXI_58/inst/  $recovery( CLKA:3.000 us,
   CLKB:3.000 us,1.000 ns)


 Total Simulation Time: 0.90625 sec

 Current Memory Usage: 162.894 Meg

Fri Feb 20 00:38:03 2026

