Determining compilation order of HDL files
Analyzing Verilog file dff4.vf
Analyzing Verilog file Reg_File_Dual.v
Analyzing Verilog file Mux_2_1_16b.vf
Analyzing Verilog file dff64.vf
Analyzing Verilog file dff2.vf
Analyzing Verilog file dff12.vf
Analyzing Verilog file Sign_Extend_12to64.v
Analyzing Verilog file Register_File_BRAM.vf
Analyzing Verilog file PCL_9b.vf
Analyzing Verilog file M_WB_Reg.vf
Analyzing Verilog file Mux2_1_64b.vf
Analyzing Verilog file I_Mem_Dual.v
Analyzing Verilog file ID_EX_Reg.vf
Analyzing Verilog file EX_M_Reg.vf
Analyzing Verilog file D_Mem.v
Analyzing Verilog file dff32.vf
Analyzing Verilog file Control_Unit.v
Analyzing Verilog file Condition_Unit.v
Analyzing Verilog file ALU.v
Analyzing Verilog file Pipeline_Datapath.vf
Analyzing Verilog file Pipeline_Datapath_tb.tfw
Analyzing Verilog file C:/Xilinx/10.1/ISE/verilog/src/glbl.v
Saving Verilog parse-tree work.dff4 into c:/documents and
settings/student/desktop/arm_processor/isim/work/dff4.sdb
Saving Verilog parse-tree work.Reg_File_Dual into c:/documents and
settings/student/desktop/arm_processor/isim/work/@reg_@file_@dual.sdb
Saving Verilog parse-tree work.M2_1_MXILINX_Mux_2_1_16b into c:/documents and
settings/student/desktop/arm_processor/isim/work/@m2_1_@m@x@i@l@i@n@x_@mux_2_1_1
6b.sdb
Saving Verilog parse-tree work.Mux_2_1_16b into c:/documents and
settings/student/desktop/arm_processor/isim/work/@mux_2_1_16b.sdb
Saving Verilog parse-tree work.FD16CE_MXILINX_dff64 into c:/documents and
settings/student/desktop/arm_processor/isim/work/@f@d16@c@e_@m@x@i@l@i@n@x_dff64
.sdb
Saving Verilog parse-tree work.dff64 into c:/documents and
settings/student/desktop/arm_processor/isim/work/dff64.sdb
Saving Verilog parse-tree work.dff2 into c:/documents and
settings/student/desktop/arm_processor/isim/work/dff2.sdb
Saving Verilog parse-tree work.dff12 into c:/documents and
settings/student/desktop/arm_processor/isim/work/dff12.sdb
Saving Verilog parse-tree work.Sign_Extend_12to64 into c:/documents and
settings/student/desktop/arm_processor/isim/work/@sign_@extend_12to64.sdb
Saving Verilog parse-tree work.Register_File_BRAM into c:/documents and
settings/student/desktop/arm_processor/isim/work/@register_@file_@b@r@a@m.sdb
Saving Verilog parse-tree work.M2_1_MXILINX_PCL_9b into c:/documents and
settings/student/desktop/arm_processor/isim/work/@m2_1_@m@x@i@l@i@n@x_@p@c@l_9b.
sdb
Saving Verilog parse-tree work.FTCLEX_MXILINX_PCL_9b into c:/documents and
settings/student/desktop/arm_processor/isim/work/@f@t@c@l@e@x_@m@x@i@l@i@n@x_@p@
c@l_9b.sdb
Saving Verilog parse-tree work.PCL_9b into c:/documents and
settings/student/desktop/arm_processor/isim/work/@p@c@l_9b.sdb
Saving Verilog parse-tree work.M_WB_Reg into c:/documents and
settings/student/desktop/arm_processor/isim/work/@m_@w@b_@reg.sdb
Saving Verilog parse-tree work.Mux2_1_64b into c:/documents and
settings/student/desktop/arm_processor/isim/work/@mux2_1_64b.sdb
Saving Verilog parse-tree work.I_Mem_Dual into c:/documents and
settings/student/desktop/arm_processor/isim/work/@i_@mem_@dual.sdb
Saving Verilog parse-tree work.ID_EX_Reg into c:/documents and
settings/student/desktop/arm_processor/isim/work/@i@d_@e@x_@reg.sdb
Saving Verilog parse-tree work.EX_M_Reg into c:/documents and
settings/student/desktop/arm_processor/isim/work/@e@x_@m_@reg.sdb
Saving Verilog parse-tree work.D_Mem into c:/documents and
settings/student/desktop/arm_processor/isim/work/@d_@mem.sdb
Saving Verilog parse-tree work.FD16CE_MXILINX_dff32 into c:/documents and
settings/student/desktop/arm_processor/isim/work/@f@d16@c@e_@m@x@i@l@i@n@x_dff32
.sdb
Saving Verilog parse-tree work.dff32 into c:/documents and
settings/student/desktop/arm_processor/isim/work/dff32.sdb
Saving Verilog parse-tree work.Control_Unit into c:/documents and
settings/student/desktop/arm_processor/isim/work/@control_@unit.sdb
Saving Verilog parse-tree work.Condition_Unit into c:/documents and
settings/student/desktop/arm_processor/isim/work/@condition_@unit.sdb
Saving Verilog parse-tree work.ALU into c:/documents and
settings/student/desktop/arm_processor/isim/work/@a@l@u.sdb
Saving Verilog parse-tree work.Pipeline_Datapath into c:/documents and
settings/student/desktop/arm_processor/isim/work/@pipeline_@datapath.sdb
Saving Verilog parse-tree work.Pipeline_Datapath_tb into c:/documents and
settings/student/desktop/arm_processor/isim/work/@pipeline_@datapath_tb.sdb
Saving Verilog parse-tree work.glbl into c:/documents and
settings/student/desktop/arm_processor/isim/work/glbl.sdb
Starting static elaboration
Restoring Verilog parse-tree unisims_ver.VCC from
c:/xilinx/10.1/ise/verilog/hdp/nt/unisims_ver/unisims_ver.sdbl
Restoring Verilog parse-tree xilinxcorelib_ver.BLKMEMDP_V6_3 from
c:/xilinx/10.1/ise/verilog/hdp/nt/xilinxcorelib_ver/xilinxcorelib_ver.sdbl
Restoring Verilog parse-tree unisims_ver.AND2B1 from
c:/xilinx/10.1/ise/verilog/hdp/nt/unisims_ver/unisims_ver.sdbl
Restoring Verilog parse-tree unisims_ver.OR2 from
c:/xilinx/10.1/ise/verilog/hdp/nt/unisims_ver/unisims_ver.sdbl
Restoring Verilog parse-tree unisims_ver.AND2 from
c:/xilinx/10.1/ise/verilog/hdp/nt/unisims_ver/unisims_ver.sdbl
Restoring Verilog parse-tree unisims_ver.FDCE from
c:/xilinx/10.1/ise/verilog/hdp/nt/unisims_ver/unisims_ver.sdbl
Restoring Verilog parse-tree unisims_ver.XOR2 from
c:/xilinx/10.1/ise/verilog/hdp/nt/unisims_ver/unisims_ver.sdbl
Restoring Verilog parse-tree unisims_ver.AND4 from
c:/xilinx/10.1/ise/verilog/hdp/nt/unisims_ver/unisims_ver.sdbl
Restoring Verilog parse-tree unisims_ver.AND3 from
c:/xilinx/10.1/ise/verilog/hdp/nt/unisims_ver/unisims_ver.sdbl
Completed static elaboration
Fuse Memory Usage: 57224 Kb
Fuse CPU Usage: 358 ms
Compiling module glbl
Compiling module VCC
Compiling module BLKMEMDP_V6_3(c_addra_width=4,c_...
Compiling module Reg_File_Dual
Compiling module Register_File_BRAM
Compiling module AND2B1
Compiling module OR2
Compiling module AND2
Compiling module M2_1_MXILINX_Mux_2_1_16b
Compiling module Mux_2_1_16b
Compiling module Mux2_1_64b
Compiling module FDCE(INIT=1'b0)_0
Compiling module FDCE(INIT=1'b0)_1
Compiling module FDCE(INIT=1'b0)_2
Compiling module FDCE(INIT=1'b0)_3
Compiling module FDCE(INIT=1'b0)_4
Compiling module FDCE(INIT=1'b0)_5
Compiling module FDCE(INIT=1'b0)_6
Compiling module FDCE(INIT=1'b0)_7
Compiling module FDCE(INIT=1'b0)_8
Compiling module FDCE(INIT=1'b0)_9
Compiling module FDCE(INIT=1'b0)_10
Compiling module FDCE(INIT=1'b0)_11
Compiling module FDCE(INIT=1'b0)_12
Compiling module FDCE(INIT=1'b0)_13
Compiling module FDCE(INIT=1'b0)_14
Compiling module FDCE(INIT=1'b0)_15
Compiling module FDCE(INIT=1'b0)_16
Compiling module FDCE(INIT=1'b0)_17
Compiling module FDCE(INIT=1'b0)_18
Compiling module FDCE(INIT=1'b0)_19
Compiling module FDCE(INIT=1'b0)_20
Compiling module FDCE(INIT=1'b0)_21
Compiling module FDCE(INIT=1'b0)_22
Compiling module FDCE(INIT=1'b0)_23
Compiling module FDCE(INIT=1'b0)_24
Compiling module FDCE(INIT=1'b0)_25
Compiling module FDCE(INIT=1'b0)_26
Compiling module FDCE(INIT=1'b0)_27
Compiling module FDCE(INIT=1'b0)_28
Compiling module FDCE(INIT=1'b0)_29
Compiling module FDCE(INIT=1'b0)_30
Compiling module FDCE(INIT=1'b0)_31
Compiling module FDCE(INIT=1'b0)_32
Compiling module FDCE(INIT=1'b0)_33
Compiling module FDCE(INIT=1'b0)_34
Compiling module FDCE(INIT=1'b0)_35
Compiling module FDCE(INIT=1'b0)_36
Compiling module FDCE(INIT=1'b0)_37
Compiling module FDCE(INIT=1'b0)_38
Compiling module FDCE(INIT=1'b0)_39
Compiling module FDCE(INIT=1'b0)_40
Compiling module FDCE(INIT=1'b0)_41
Compiling module FDCE(INIT=1'b0)_42
Compiling module FDCE(INIT=1'b0)_43
Compiling module FDCE(INIT=1'b0)_44
Compiling module FDCE(INIT=1'b0)_45
Compiling module FDCE(INIT=1'b0)_46
Compiling module FDCE(INIT=1'b0)_47
Compiling module FDCE(INIT=1'b0)_48
Compiling module FDCE(INIT=1'b0)_49
Compiling module FDCE(INIT=1'b0)_50
Compiling module FDCE(INIT=1'b0)_51
Compiling module FDCE(INIT=1'b0)_52
Compiling module FDCE(INIT=1'b0)_53
Compiling module FDCE(INIT=1'b0)_54
Compiling module FDCE(INIT=1'b0)_55
Compiling module FDCE(INIT=1'b0)_56
Compiling module FDCE(INIT=1'b0)_57
Compiling module FDCE(INIT=1'b0)_58
Compiling module FDCE(INIT=1'b0)_59
Compiling module FDCE(INIT=1'b0)_60
Compiling module FDCE(INIT=1'b0)_61
Compiling module FDCE(INIT=1'b0)_62
Compiling module FDCE(INIT=1'b0)_63
Compiling module FDCE(INIT=1'b0)_64
Compiling module FDCE(INIT=1'b0)_65
Compiling module FDCE(INIT=1'b0)_66
Compiling module FDCE(INIT=1'b0)_67
Compiling module FDCE(INIT=1'b0)_68
Compiling module FDCE(INIT=1'b0)_69
Compiling module FDCE(INIT=1'b0)_70
Compiling module FDCE(INIT=1'b0)_71
Compiling module FDCE(INIT=1'b0)_72
Compiling module FDCE(INIT=1'b0)_73
Compiling module FDCE(INIT=1'b0)_74
Compiling module FDCE(INIT=1'b0)_75
Compiling module FDCE(INIT=1'b0)_76
Compiling module FDCE(INIT=1'b0)_77
Compiling module FDCE(INIT=1'b0)_78
Compiling module FDCE(INIT=1'b0)_79
Compiling module FDCE(INIT=1'b0)_80
Compiling module FDCE(INIT=1'b0)_81
Compiling module FDCE(INIT=1'b0)_82
Compiling module FDCE(INIT=1'b0)_83
Compiling module FDCE(INIT=1'b0)_84
Compiling module FDCE(INIT=1'b0)_85
Compiling module FDCE(INIT=1'b0)_86
Compiling module FDCE(INIT=1'b0)_87
Compiling module FDCE(INIT=1'b0)_88
Compiling module FDCE(INIT=1'b0)_89
Compiling module FDCE(INIT=1'b0)_90
Compiling module FDCE(INIT=1'b0)_91
Compiling module FDCE(INIT=1'b0)_92
Compiling module FDCE(INIT=1'b0)_93
Compiling module FDCE(INIT=1'b0)_94
Compiling module FDCE(INIT=1'b0)_95
Compiling module FDCE(INIT=1'b0)_96
Compiling module FDCE(INIT=1'b0)_97
Compiling module FDCE(INIT=1'b0)_98
Compiling module FDCE(INIT=1'b0)_99
Compiling module FDCE(INIT=1'b0)_100
Compiling module FDCE(INIT=1'b0)_101
Compiling module FDCE(INIT=1'b0)_102
Compiling module FDCE(INIT=1'b0)_103
Compiling module FDCE(INIT=1'b0)_104
Compiling module FDCE(INIT=1'b0)_105
Compiling module FDCE(INIT=1'b0)_106
Compiling module FDCE(INIT=1'b0)_107
Compiling module FDCE(INIT=1'b0)_108
Compiling module FDCE(INIT=1'b0)_109
Compiling module FDCE(INIT=1'b0)_110
Compiling module FDCE(INIT=1'b0)_111
Compiling module FDCE(INIT=1'b0)_112
Compiling module FDCE(INIT=1'b0)_113
Compiling module FDCE(INIT=1'b0)_114
Compiling module FDCE(INIT=1'b0)_115
Compiling module FDCE(INIT=1'b0)_116
Compiling module FDCE(INIT=1'b0)_117
Compiling module FDCE(INIT=1'b0)_118
Compiling module FDCE(INIT=1'b0)_119
Compiling module FDCE(INIT=1'b0)_120
Compiling module FDCE(INIT=1'b0)_121
Compiling module FDCE(INIT=1'b0)_122
Compiling module FDCE(INIT=1'b0)_123
Compiling module FDCE(INIT=1'b0)_124
Compiling module FDCE(INIT=1'b0)_125
Compiling module FDCE(INIT=1'b0)_126
Compiling module FDCE(INIT=1'b0)_127
Compiling module FDCE(INIT=1'b0)_128
Compiling module FDCE(INIT=1'b0)_129
Compiling module FDCE(INIT=1'b0)_130
Compiling module FDCE(INIT=1'b0)_131
Compiling module FDCE(INIT=1'b0)_132
Compiling module FDCE(INIT=1'b0)_133
Compiling module FDCE(INIT=1'b0)_134
Compiling module FDCE(INIT=1'b0)_135
Compiling module FDCE(INIT=1'b0)_136
Compiling module FDCE(INIT=1'b0)_137
Compiling module FDCE(INIT=1'b0)_138
Compiling module FDCE(INIT=1'b0)_139
Compiling module FDCE(INIT=1'b0)_140
Compiling module FDCE(INIT=1'b0)_141
Compiling module FDCE(INIT=1'b0)_142
Compiling module FDCE(INIT=1'b0)_143
Compiling module FDCE(INIT=1'b0)_144
Compiling module FDCE(INIT=1'b0)_145
Compiling module FDCE(INIT=1'b0)_146
Compiling module FDCE(INIT=1'b0)_147
Compiling module FDCE(INIT=1'b0)_148
Compiling module FDCE(INIT=1'b0)_149
Compiling module FDCE(INIT=1'b0)_150
Compiling module FDCE(INIT=1'b0)_151
Compiling module FDCE(INIT=1'b0)_152
Compiling module FDCE(INIT=1'b0)_153
Compiling module FDCE(INIT=1'b0)_154
Compiling module FDCE(INIT=1'b0)_155
Compiling module FDCE(INIT=1'b0)_156
Compiling module FDCE(INIT=1'b0)_157
Compiling module FDCE(INIT=1'b0)_158
Compiling module FDCE(INIT=1'b0)_159
Compiling module FDCE(INIT=1'b0)_160
Compiling module FDCE(INIT=1'b0)_161
Compiling module FDCE(INIT=1'b0)_162
Compiling module FDCE(INIT=1'b0)_163
Compiling module FDCE(INIT=1'b0)_164
Compiling module FDCE(INIT=1'b0)_165
Compiling module FDCE(INIT=1'b0)_166
Compiling module FDCE(INIT=1'b0)_167
Compiling module FDCE(INIT=1'b0)_168
Compiling module FDCE(INIT=1'b0)_169
Compiling module FDCE(INIT=1'b0)_170
Compiling module FDCE(INIT=1'b0)_171
Compiling module FDCE(INIT=1'b0)_172
Compiling module FDCE(INIT=1'b0)_173
Compiling module FDCE(INIT=1'b0)_174
Compiling module FDCE(INIT=1'b0)_175
Compiling module FDCE(INIT=1'b0)_176
Compiling module FDCE(INIT=1'b0)_177
Compiling module FDCE(INIT=1'b0)_178
Compiling module FDCE(INIT=1'b0)_179
Compiling module FDCE(INIT=1'b0)_180
Compiling module FDCE(INIT=1'b0)_181
Compiling module FDCE(INIT=1'b0)_182
Compiling module FDCE(INIT=1'b0)_183
Compiling module FDCE(INIT=1'b0)_184
Compiling module FDCE(INIT=1'b0)_185
Compiling module FDCE(INIT=1'b0)_186
Compiling module FDCE(INIT=1'b0)_187
Compiling module FDCE(INIT=1'b0)_188
Compiling module FDCE(INIT=1'b0)_189
Compiling module FDCE(INIT=1'b0)_190
Compiling module FDCE(INIT=1'b0)_191
Compiling module FDCE(INIT=1'b0)_192
Compiling module FDCE(INIT=1'b0)_193
Compiling module FDCE(INIT=1'b0)_194
Compiling module FDCE(INIT=1'b0)_195
Compiling module FDCE(INIT=1'b0)_196
Compiling module FDCE(INIT=1'b0)_197
Compiling module FDCE(INIT=1'b0)_198
Compiling module FDCE(INIT=1'b0)_199
Compiling module FDCE(INIT=1'b0)_200
Compiling module FDCE(INIT=1'b0)_201
Compiling module FDCE(INIT=1'b0)_202
Compiling module FDCE(INIT=1'b0)_203
Compiling module FDCE(INIT=1'b0)_204
Compiling module FDCE(INIT=1'b0)_205
Compiling module FDCE(INIT=1'b0)_206
Compiling module FDCE(INIT=1'b0)_207
Compiling module FDCE(INIT=1'b0)_208
Compiling module FDCE(INIT=1'b0)_209
Compiling module FDCE(INIT=1'b0)_210
Compiling module FDCE(INIT=1'b0)_211
Compiling module FDCE(INIT=1'b0)_212
Compiling module FDCE(INIT=1'b0)_213
Compiling module FDCE(INIT=1'b0)_214
Compiling module FDCE(INIT=1'b0)_215
Compiling module FDCE(INIT=1'b0)_216
Compiling module FDCE(INIT=1'b0)_217
Compiling module FDCE(INIT=1'b0)_218
Compiling module FDCE(INIT=1'b0)_219
Compiling module FDCE(INIT=1'b0)_220
Compiling module FDCE(INIT=1'b0)_221
Compiling module FDCE(INIT=1'b0)_222
Compiling module FDCE(INIT=1'b0)_223
Compiling module FDCE(INIT=1'b0)_224
Compiling module FDCE(INIT=1'b0)_225
Compiling module FDCE(INIT=1'b0)_226
Compiling module FDCE(INIT=1'b0)_227
Compiling module FDCE(INIT=1'b0)_228
Compiling module FDCE(INIT=1'b0)_229
Compiling module FDCE(INIT=1'b0)_230
Compiling module FDCE(INIT=1'b0)_231
Compiling module FDCE(INIT=1'b0)_232
Compiling module FDCE(INIT=1'b0)_233
Compiling module FDCE(INIT=1'b0)_234
Compiling module FDCE(INIT=1'b0)_235
Compiling module FDCE(INIT=1'b0)_236
Compiling module FDCE(INIT=1'b0)_237
Compiling module FDCE(INIT=1'b0)_238
Compiling module FDCE(INIT=1'b0)_239
Compiling module FDCE(INIT=1'b0)_240
Compiling module FDCE(INIT=1'b0)_241
Compiling module FDCE(INIT=1'b0)_242
Compiling module FDCE(INIT=1'b0)_243
Compiling module FDCE(INIT=1'b0)_244
Compiling module FDCE(INIT=1'b0)_245
Compiling module FDCE(INIT=1'b0)_246
Compiling module FDCE(INIT=1'b0)_247
Compiling module FDCE(INIT=1'b0)_248
Compiling module FDCE(INIT=1'b0)_249
Compiling module FDCE(INIT=1'b0)_250
Compiling module FDCE(INIT=1'b0)_251
Compiling module FDCE(INIT=1'b0)_252
Compiling module FDCE(INIT=1'b0)_253
Compiling module FDCE(INIT=1'b0)_254
Compiling module FDCE(INIT=1'b0)_255
Compiling module FDCE(INIT=1'b0)_256
Compiling module FDCE(INIT=1'b0)_257
Compiling module FDCE(INIT=1'b0)_258
Compiling module FDCE(INIT=1'b0)_259
Compiling module FDCE(INIT=1'b0)_260
Compiling module FDCE(INIT=1'b0)_261
Compiling module FDCE(INIT=1'b0)_262
Compiling module FDCE(INIT=1'b0)_263
Compiling module FDCE(INIT=1'b0)_264
Compiling module FDCE(INIT=1'b0)_265
Compiling module FDCE(INIT=1'b0)_266
Compiling module FDCE(INIT=1'b0)_267
Compiling module FDCE(INIT=1'b0)_268
Compiling module FDCE(INIT=1'b0)_269
Compiling module FDCE(INIT=1'b0)_270
Compiling module FDCE(INIT=1'b0)_271
Compiling module FDCE(INIT=1'b0)_272
Compiling module FDCE(INIT=1'b0)_273
Compiling module FDCE(INIT=1'b0)_274
Compiling module FDCE(INIT=1'b0)_275
Compiling module FDCE(INIT=1'b0)_276
Compiling module FDCE(INIT=1'b0)_277
Compiling module FDCE(INIT=1'b0)_278
Compiling module FDCE(INIT=1'b0)_279
Compiling module FDCE(INIT=1'b0)_280
Compiling module FDCE(INIT=1'b0)_281
Compiling module FDCE(INIT=1'b0)_282
Compiling module FDCE(INIT=1'b0)_283
Compiling module FDCE(INIT=1'b0)_284
Compiling module FDCE(INIT=1'b0)_285
Compiling module FDCE(INIT=1'b0)_286
Compiling module FDCE(INIT=1'b0)_287
Compiling module FDCE(INIT=1'b0)_288
Compiling module FDCE(INIT=1'b0)_289
Compiling module FDCE(INIT=1'b0)_290
Compiling module FDCE(INIT=1'b0)_291
Compiling module FDCE(INIT=1'b0)_292
Compiling module FDCE(INIT=1'b0)_293
Compiling module FDCE(INIT=1'b0)_294
Compiling module FDCE(INIT=1'b0)_295
Compiling module FDCE(INIT=1'b0)_296
Compiling module FDCE(INIT=1'b0)_297
Compiling module FDCE(INIT=1'b0)_298
Compiling module FDCE(INIT=1'b0)_299
Compiling module FDCE(INIT=1'b0)_300
Compiling module FDCE(INIT=1'b0)_301
Compiling module FDCE(INIT=1'b0)_302
Compiling module FDCE(INIT=1'b0)_303
Compiling module FDCE(INIT=1'b0)_304
Compiling module FDCE(INIT=1'b0)_305
Compiling module FDCE(INIT=1'b0)_306
Compiling module FDCE(INIT=1'b0)_307
Compiling module FDCE(INIT=1'b0)_308
Compiling module FDCE(INIT=1'b0)_309
Compiling module FDCE(INIT=1'b0)_310
Compiling module FDCE(INIT=1'b0)_311
Compiling module FDCE(INIT=1'b0)_312
Compiling module FDCE(INIT=1'b0)_313
Compiling module FDCE(INIT=1'b0)_314
Compiling module FDCE(INIT=1'b0)_315
Compiling module FDCE(INIT=1'b0)_316
Compiling module FDCE(INIT=1'b0)_317
Compiling module FDCE(INIT=1'b0)_318
Compiling module FDCE(INIT=1'b0)_319
Compiling module FDCE(INIT=1'b0)_320
Compiling module FDCE(INIT=1'b0)_321
Compiling module FDCE(INIT=1'b0)_322
Compiling module FDCE(INIT=1'b0)_323
Compiling module FDCE(INIT=1'b0)_324
Compiling module FDCE(INIT=1'b0)_325
Compiling module FDCE(INIT=1'b0)_326
Compiling module FDCE(INIT=1'b0)_327
Compiling module FDCE(INIT=1'b0)_328
Compiling module FDCE(INIT=1'b0)_329
Compiling module FDCE(INIT=1'b0)_330
Compiling module FDCE(INIT=1'b0)_331
Compiling module FDCE(INIT=1'b0)_332
Compiling module FDCE(INIT=1'b0)_333
Compiling module FDCE(INIT=1'b0)_334
Compiling module FDCE(INIT=1'b0)_335
Compiling module FDCE(INIT=1'b0)_336
Compiling module FDCE(INIT=1'b0)_337
Compiling module FDCE(INIT=1'b0)_338
Compiling module FDCE(INIT=1'b0)_339
Compiling module FDCE(INIT=1'b0)_340
Compiling module FDCE(INIT=1'b0)_341
Compiling module FDCE(INIT=1'b0)_342
Compiling module FDCE(INIT=1'b0)_343
Compiling module FDCE(INIT=1'b0)_344
Compiling module FDCE(INIT=1'b0)_345
Compiling module FDCE(INIT=1'b0)_346
Compiling module FDCE(INIT=1'b0)_347
Compiling module FDCE(INIT=1'b0)_348
Compiling module FDCE(INIT=1'b0)_349
Compiling module FDCE(INIT=1'b0)_350
Compiling module FDCE(INIT=1'b0)_351
Compiling module FDCE(INIT=1'b0)_352
Compiling module FDCE(INIT=1'b0)_353
Compiling module FDCE(INIT=1'b0)_354
Compiling module FDCE(INIT=1'b0)_355
Compiling module FDCE(INIT=1'b0)_356
Compiling module FDCE(INIT=1'b0)_357
Compiling module FDCE(INIT=1'b0)_358
Compiling module FDCE(INIT=1'b0)_359
Compiling module FDCE(INIT=1'b0)_360
Compiling module FDCE(INIT=1'b0)_361
Compiling module FDCE(INIT=1'b0)_362
Compiling module FDCE(INIT=1'b0)_363
Compiling module FDCE(INIT=1'b0)_364
Compiling module FDCE(INIT=1'b0)_365
Compiling module FDCE(INIT=1'b0)_366
Compiling module FDCE(INIT=1'b0)_367
Compiling module FDCE(INIT=1'b0)_368
Compiling module FDCE(INIT=1'b0)_369
Compiling module FDCE(INIT=1'b0)_370
Compiling module FDCE(INIT=1'b0)_371
Compiling module FDCE(INIT=1'b0)_372
Compiling module FDCE(INIT=1'b0)_373
Compiling module FDCE(INIT=1'b0)_374
Compiling module FDCE(INIT=1'b0)_375
Compiling module FDCE(INIT=1'b0)_376
Compiling module FDCE(INIT=1'b0)_377
Compiling module FDCE(INIT=1'b0)_378
Compiling module FDCE(INIT=1'b0)_379
Compiling module FDCE(INIT=1'b0)_380
Compiling module FDCE(INIT=1'b0)_381
Compiling module FDCE(INIT=1'b0)_382
Compiling module FDCE(INIT=1'b0)_383
Compiling module FDCE(INIT=1'b0)_384
Compiling module FDCE(INIT=1'b0)_385
Compiling module FDCE(INIT=1'b0)_386
Compiling module FDCE(INIT=1'b0)_387
Compiling module FDCE(INIT=1'b0)_388
Compiling module FDCE(INIT=1'b0)_389
Compiling module FDCE(INIT=1'b0)_390
Compiling module FDCE(INIT=1'b0)_391
Compiling module FDCE(INIT=1'b0)_392
Compiling module FDCE(INIT=1'b0)_393
Compiling module FDCE(INIT=1'b0)_394
Compiling module FDCE(INIT=1'b0)_395
Compiling module FDCE(INIT=1'b0)_396
Compiling module FDCE(INIT=1'b0)_397
Compiling module FDCE(INIT=1'b0)_398
Compiling module FDCE(INIT=1'b0)_399
Compiling module FDCE(INIT=1'b0)_400
Compiling module FDCE(INIT=1'b0)_401
Compiling module FDCE(INIT=1'b0)_402
Compiling module FDCE(INIT=1'b0)_403
Compiling module FDCE(INIT=1'b0)_404
Compiling module FDCE(INIT=1'b0)_405
Compiling module FDCE(INIT=1'b0)_406
Compiling module FDCE(INIT=1'b0)_407
Compiling module FDCE(INIT=1'b0)_408
Compiling module FDCE(INIT=1'b0)_409
Compiling module FDCE(INIT=1'b0)_410
Compiling module FDCE(INIT=1'b0)_411
Compiling module FDCE(INIT=1'b0)_412
Compiling module FDCE(INIT=1'b0)_413
Compiling module FDCE(INIT=1'b0)_414
Compiling module FDCE(INIT=1'b0)_415
Compiling module FDCE(INIT=1'b0)_416
Compiling module FDCE(INIT=1'b0)_417
Compiling module FDCE(INIT=1'b0)_418
Compiling module FDCE(INIT=1'b0)_419
Compiling module FDCE(INIT=1'b0)_420
Compiling module FDCE(INIT=1'b0)_421
Compiling module FDCE(INIT=1'b0)_422
Compiling module FDCE(INIT=1'b0)_423
Compiling module FDCE(INIT=1'b0)_424
Compiling module FDCE(INIT=1'b0)_425
Compiling module FDCE(INIT=1'b0)_426
Compiling module FDCE(INIT=1'b0)_427
Compiling module FDCE(INIT=1'b0)_428
Compiling module FDCE(INIT=1'b0)_429
Compiling module FDCE(INIT=1'b0)_430
Compiling module FDCE(INIT=1'b0)_431
Compiling module FDCE(INIT=1'b0)_432
Compiling module FDCE(INIT=1'b0)_433
Compiling module FDCE(INIT=1'b0)_434
Compiling module FDCE(INIT=1'b0)_435
Compiling module FDCE(INIT=1'b0)_436
Compiling module FDCE(INIT=1'b0)_437
Compiling module FDCE(INIT=1'b0)_438
Compiling module FDCE(INIT=1'b0)_439
Compiling module FDCE(INIT=1'b0)_440
Compiling module FDCE(INIT=1'b0)_441
Compiling module FDCE(INIT=1'b0)_442
Compiling module FDCE(INIT=1'b0)_443
Compiling module FDCE(INIT=1'b0)_444
Compiling module FDCE(INIT=1'b0)_445
Compiling module FDCE(INIT=1'b0)_446
Compiling module FDCE(INIT=1'b0)_447
Compiling module FDCE(INIT=1'b0)_448
Compiling module FDCE(INIT=1'b0)_449
Compiling module FDCE(INIT=1'b0)_450
Compiling module FDCE(INIT=1'b0)_451
Compiling module FDCE(INIT=1'b0)_452
Compiling module FDCE(INIT=1'b0)_453
Compiling module FDCE(INIT=1'b0)_454
Compiling module FDCE(INIT=1'b0)_455
Compiling module FDCE(INIT=1'b0)_456
Compiling module FDCE(INIT=1'b0)_457
Compiling module FDCE(INIT=1'b0)_458
Compiling module FDCE(INIT=1'b0)_459
Compiling module FDCE(INIT=1'b0)_460
Compiling module FDCE(INIT=1'b0)_461
Compiling module FDCE(INIT=1'b0)_462
Compiling module FDCE(INIT=1'b0)_463
Compiling module FDCE(INIT=1'b0)_464
Compiling module FDCE(INIT=1'b0)_465
Compiling module FDCE(INIT=1'b0)_466
Compiling module FDCE(INIT=1'b0)_467
Compiling module FD16CE_MXILINX_dff64
Compiling module FD16CE_MXILINX_dff64_2
Compiling module FD16CE_MXILINX_dff64_3
Compiling module FD16CE_MXILINX_dff64_4
Compiling module dff64
Compiling module dff4
Compiling module FD16CE_MXILINX_dff64_5
Compiling module FD16CE_MXILINX_dff64_6
Compiling module FD16CE_MXILINX_dff64_7
Compiling module FD16CE_MXILINX_dff64_8
Compiling module dff64_2
Compiling module dff4_2
Compiling module dff4_3
Compiling module dff4_4
Compiling module dff4_5
Compiling module dff12
Compiling module dff2
Compiling module ID_EX_Reg
Compiling module M2_1_MXILINX_PCL_9b
Compiling module XOR2
Compiling module FTCLEX_MXILINX_PCL_9b
Compiling module FTCLEX_MXILINX_PCL_9b_2
Compiling module FTCLEX_MXILINX_PCL_9b_3
Compiling module FTCLEX_MXILINX_PCL_9b_4
Compiling module FTCLEX_MXILINX_PCL_9b_5
Compiling module FTCLEX_MXILINX_PCL_9b_6
Compiling module FTCLEX_MXILINX_PCL_9b_7
Compiling module AND4
Compiling module AND3
Compiling module FTCLEX_MXILINX_PCL_9b_8
Compiling module FTCLEX_MXILINX_PCL_9b_9
Compiling module PCL_9b
Compiling module Control_Unit
Compiling module Condition_Unit
Compiling module ALU
Compiling module Sign_Extend_12to64
Compiling module FD16CE_MXILINX_dff64_9
Compiling module FD16CE_MXILINX_dff64_10
Compiling module FD16CE_MXILINX_dff64_11
Compiling module FD16CE_MXILINX_dff64_12
Compiling module dff64_3
Compiling module FD16CE_MXILINX_dff64_13
Compiling module FD16CE_MXILINX_dff64_14
Compiling module FD16CE_MXILINX_dff64_15
Compiling module FD16CE_MXILINX_dff64_16
Compiling module dff64_4
Compiling module dff4_6
Compiling module EX_M_Reg
Compiling module BLKMEMDP_V6_3(c_addra_width=8,c_...
Compiling module D_Mem
Compiling module FD16CE_MXILINX_dff32
Compiling module FD16CE_MXILINX_dff32_2
Compiling module dff32
Compiling module BLKMEMDP_V6_3(c_addra_width=9,c_...
Compiling module I_Mem_Dual
Compiling module FD16CE_MXILINX_dff64_17
Compiling module FD16CE_MXILINX_dff64_18
Compiling module FD16CE_MXILINX_dff64_19
Compiling module FD16CE_MXILINX_dff64_20
Compiling module dff64_5
Compiling module FD16CE_MXILINX_dff64_21
Compiling module FD16CE_MXILINX_dff64_22
Compiling module FD16CE_MXILINX_dff64_23
Compiling module FD16CE_MXILINX_dff64_24
Compiling module dff64_6
Compiling module dff4_7
Compiling module M_WB_Reg
Compiling module Pipeline_Datapath
Compiling module Pipeline_Datapath_tb
Compiled 548 Verilog Units
Built simulation executable Pipeline_Datapath_tb_isim_beh.exe
Fuse Memory Usage: 61836 Kb
Fuse CPU Usage: 1155 ms
