+++testStarted:build.registers.lab4ids

NetFPGA environment:
  Root dir:       /root/netfpga
  Project name:   lab4ids
  Project dir:    /root/netfpga/projects/lab4ids
  Work dir:       /tmp/student

Processing /root/netfpga/lib/verilog/core/common/xml/global.xml...
Processing /root/netfpga/lib/verilog/core/common/xml/nf_defines.xml...
Processing /root/netfpga/projects/lab4ids/include/project.xml...

Project: 'IDS' (lab4ids)
Description: IDS Router
Version: 0.1.0
Device ID: 102

Processing /root/netfpga/lib/verilog/core/io_queues/cpu_dma_queue/xml/cpu_dma_queue.xml...
WARNING: No module specific XML found for module 'core/io_queues/ethernet_mac'
Processing /root/netfpga/lib/verilog/core/input_arbiter/rr_input_arbiter/xml/rr_input_arbiter.xml...
WARNING: No module specific XML found for module 'core/nf2/generic_top'
WARNING: No module specific XML found for module 'core/nf2/reference_core'
Processing /root/netfpga/lib/verilog/core/output_port_lookup/cam_router/xml/cam_router.xml...
Processing /root/netfpga/lib/verilog/core/output_queues/sram_rr_output_queues/xml/sram_rr_output_queues.xml...
WARNING: No module specific XML found for module 'core/sram_arbiter/sram_weighted_rr'
WARNING: No module specific XML found for module 'core/user_data_path/reference_user_data_path'
Processing /root/netfpga/lib/verilog/core/io/mdio/xml/mdio.xml...
WARNING: No module specific XML found for module 'core/cpci_bus'
Processing /root/netfpga/lib/verilog/core/dma/xml/dma.xml...
WARNING: No module specific XML found for module 'core/user_data_path/udp_reg_master'
WARNING: No module specific XML found for module 'core/io_queues/add_rm_hdr'
Processing /root/netfpga/lib/verilog/core/strip_headers/keep_length/xml/strip_headers.xml...
Processing /root/netfpga/lib/verilog/core/utils/xml/device_id_reg.xml...
WARNING: No module specific XML found for module 'core/utils/generic_regs'
Processing /root/netfpga/projects/lab4ids/include/ids.xml...
