Command line:
   ./Pipeline_Datapath_tb_isim_beh.exe
     -intstyle  ise
     -ipchost  localhost
     -ipcport  1168

Fri Feb 13 15:16:59 2026

Total Line Count : 8227

 Elaboration Time: 0.125 sec

 Current Memory Usage: 158.511 Meg

 Total Signals          : 11227
 Total Nets             : 2992
 Total Signal Drivers   : 3166
 Total Blocks           : 2075
 Total Primitive Blocks : 1599
 Total Processes        : 5871
 Total Traceable Variables  : 1683
 Total Scalar Nets and Variables : 77819
ntrace select -o on -n /Pipeline_Datapath_tb/PERIOD 
ntrace select -o on -n /Pipeline_Datapath_tb/DUTY_CYCLE 
ntrace select -o on -n /Pipeline_Datapath_tb/OFFSET 
ntrace select -o on -n /Pipeline_Datapath_tb/CLK 
ntrace select -o on -n /Pipeline_Datapath_tb/DIN 
ntrace select -o on -n /Pipeline_Datapath_tb/IM_WE 
ntrace select -o on -n /Pipeline_Datapath_tb/IM_CLR 
ntrace select -o on -n /Pipeline_Datapath_tb/UUT/CLR_ALL 
ntrace select -o on -n /Pipeline_Datapath_tb/UUT/PC 
ntrace select -o on -n /Pipeline_Datapath_tb/UUT/IM_OUT 
ntrace select -o on -n /Pipeline_Datapath_tb/UUT/INS 
ntrace select -o on -n /Pipeline_Datapath_tb/UUT/ID_R1 
ntrace select -o on -n /Pipeline_Datapath_tb/UUT/ID_R2 
ntrace select -o on -n /Pipeline_Datapath_tb/UUT/EX_R1 
ntrace select -o on -n /Pipeline_Datapath_tb/UUT/EX_R2 
ntrace select -o on -n /Pipeline_Datapath_tb/UUT/M_R1 
ntrace select -o on -n /Pipeline_Datapath_tb/UUT/M_R2 
ntrace select -o on -n /Pipeline_Datapath_tb/UUT/M_OUT 
ntrace select -o on -n /Pipeline_Datapath_tb/UUT/M_WM 
ntrace select -o on -n /Pipeline_Datapath_tb/UUT/WB_ADDR 
ntrace select -o on -n /Pipeline_Datapath_tb/UUT/WB_DATA 
ntrace select -o on -n /Pipeline_Datapath_tb/UUT/WB_WRITE 
ntrace start 
isimrun 1000 ns 
Simulator is doing circuit initialization process.
Finished circuit initialization process.
WARNING:Simulator:29 - at 200.000 ns: Warning: Timing violation in
   /Pipeline_Datapath_tb/UUT/XLXI_32/inst/  $recovery( CLKB:200.000 ns,
   CLKA:200.000 ns,1.000 ns)

WARNING:Simulator:29 - at 200.000 ns: Warning: Timing violation in
   /Pipeline_Datapath_tb/UUT/XLXI_32/inst/  $recovery( CLKA:200.000 ns,
   CLKB:200.000 ns,1.000 ns)

WARNING:Simulator:29 - at 300.000 ns: Warning: Timing violation in
   /Pipeline_Datapath_tb/UUT/XLXI_32/inst/  $recovery( CLKB:300.000 ns,
   CLKA:300.000 ns,1.000 ns)

WARNING:Simulator:29 - at 300.000 ns: Warning: Timing violation in
   /Pipeline_Datapath_tb/UUT/XLXI_32/inst/  $recovery( CLKA:300.000 ns,
   CLKB:300.000 ns,1.000 ns)

WARNING:Simulator:29 - at 400.000 ns: Warning: Timing violation in
   /Pipeline_Datapath_tb/UUT/XLXI_32/inst/  $recovery( CLKB:400.000 ns,
   CLKA:400.000 ns,1.000 ns)

WARNING:Simulator:29 - at 400.000 ns: Warning: Timing violation in
   /Pipeline_Datapath_tb/UUT/XLXI_32/inst/  $recovery( CLKA:400.000 ns,
   CLKB:400.000 ns,1.000 ns)

WARNING:Simulator:29 - at 500.000 ns: Warning: Timing violation in
   /Pipeline_Datapath_tb/UUT/XLXI_32/inst/  $recovery( CLKB:500.000 ns,
   CLKA:500.000 ns,1.000 ns)

WARNING:Simulator:29 - at 500.000 ns: Warning: Timing violation in
   /Pipeline_Datapath_tb/UUT/XLXI_32/inst/  $recovery( CLKA:500.000 ns,
   CLKB:500.000 ns,1.000 ns)

WARNING:Simulator:29 - at 600.000 ns: Warning: Timing violation in
   /Pipeline_Datapath_tb/UUT/XLXI_32/inst/  $recovery( CLKB:600.000 ns,
   CLKA:600.000 ns,1.000 ns)

WARNING:Simulator:29 - at 600.000 ns: Warning: Timing violation in
   /Pipeline_Datapath_tb/UUT/XLXI_32/inst/  $recovery( CLKA:600.000 ns,
   CLKB:600.000 ns,1.000 ns)

WARNING:Simulator:29 - at 700.000 ns: Warning: Timing violation in
   /Pipeline_Datapath_tb/UUT/XLXI_32/inst/  $recovery( CLKB:700.000 ns,
   CLKA:700.000 ns,1.000 ns)

WARNING:Simulator:29 - at 700.000 ns: Warning: Timing violation in
   /Pipeline_Datapath_tb/UUT/XLXI_32/inst/  $recovery( CLKA:700.000 ns,
   CLKB:700.000 ns,1.000 ns)

WARNING:Simulator:29 - at 800.000 ns: Warning: Timing violation in
   /Pipeline_Datapath_tb/UUT/XLXI_32/inst/  $recovery( CLKB:800.000 ns,
   CLKA:800.000 ns,1.000 ns)

WARNING:Simulator:29 - at 800.000 ns: Warning: Timing violation in
   /Pipeline_Datapath_tb/UUT/XLXI_32/inst/  $recovery( CLKA:800.000 ns,
   CLKB:800.000 ns,1.000 ns)

WARNING:Simulator:29 - at 900.000 ns: Warning: Timing violation in
   /Pipeline_Datapath_tb/UUT/XLXI_32/inst/  $recovery( CLKB:900.000 ns,
   CLKA:900.000 ns,1.000 ns)

WARNING:Simulator:29 - at 900.000 ns: Warning: Timing violation in
   /Pipeline_Datapath_tb/UUT/XLXI_32/inst/  $recovery( CLKA:900.000 ns,
   CLKB:900.000 ns,1.000 ns)

WARNING:Simulator:29 - at 1.000 us: Warning: Timing violation in
   /Pipeline_Datapath_tb/UUT/XLXI_32/inst/  $recovery( CLKB:1.000 us, CLKA:1.000
   us,1.000 ns)

WARNING:Simulator:29 - at 1.000 us: Warning: Timing violation in
   /Pipeline_Datapath_tb/UUT/XLXI_32/inst/  $recovery( CLKA:1.000 us, CLKB:1.000
   us,1.000 ns)


 Total Simulation Time: 0.1875 sec

 Current Memory Usage: 168.997 Meg

Fri Feb 13 15:21:39 2026

