Determining compilation order of HDL files
Analyzing Verilog file Mux4_1_16b.vf
Analyzing Verilog file Mux4_1_64b.vf
Analyzing Verilog file ifd64.vf
Analyzing Verilog file Register_File_16b.vf
Analyzing Verilog file Reg_File_16b_tb.tfw
Analyzing Verilog file C:/Xilinx/10.1/ISE/verilog/src/glbl.v
Saving Verilog parse-tree work.M2_1E_MXILINX_Mux4_1_16b into c:/documents and
settings/student/desktop/reg_file_and_memories/isim/work/@m2_1@e_@m@x@i@l@i@n@x_
@mux4_1_16b.sdb
Saving Verilog parse-tree work.M4_1E_MXILINX_Mux4_1_16b into c:/documents and
settings/student/desktop/reg_file_and_memories/isim/work/@m4_1@e_@m@x@i@l@i@n@x_
@mux4_1_16b.sdb
Saving Verilog parse-tree work.Mux4_1_16b into c:/documents and
settings/student/desktop/reg_file_and_memories/isim/work/@mux4_1_16b.sdb
Saving Verilog parse-tree work.Mux4_1_64b into c:/documents and
settings/student/desktop/reg_file_and_memories/isim/work/@mux4_1_64b.sdb
Saving Verilog parse-tree work.IFDX_MXILINX_ifd64 into c:/documents and
settings/student/desktop/reg_file_and_memories/isim/work/@i@f@d@x_@m@x@i@l@i@n@x
_ifd64.sdb
Saving Verilog parse-tree work.IFDX16_MXILINX_ifd64 into c:/documents and
settings/student/desktop/reg_file_and_memories/isim/work/@i@f@d@x16_@m@x@i@l@i@n
@x_ifd64.sdb
Saving Verilog parse-tree work.ifd64 into c:/documents and
settings/student/desktop/reg_file_and_memories/isim/work/ifd64.sdb
Saving Verilog parse-tree work.D2_4E_MXILINX_Register_File_16b into c:/documents
and
settings/student/desktop/reg_file_and_memories/isim/work/@d2_4@e_@m@x@i@l@i@n@x_
@register_@file_16b.sdb
Saving Verilog parse-tree work.Register_File_16b into c:/documents and
settings/student/desktop/reg_file_and_memories/isim/work/@register_@file_16b.sdb
Saving Verilog parse-tree work.Reg_File_16b_tb into c:/documents and
settings/student/desktop/reg_file_and_memories/isim/work/@reg_@file_16b_tb.sdb
Saving Verilog parse-tree work.glbl into c:/documents and
settings/student/desktop/reg_file_and_memories/isim/work/glbl.sdb
Starting static elaboration
Restoring Verilog parse-tree unisims_ver.FDCE from
c:/xilinx/10.1/ise/verilog/hdp/nt/unisims_ver/unisims_ver.sdbl
Restoring Verilog parse-tree unisims_ver.IBUF from
c:/xilinx/10.1/ise/verilog/hdp/nt/unisims_ver/unisims_ver.sdbl
Restoring Verilog parse-tree unisims_ver.GND from
c:/xilinx/10.1/ise/verilog/hdp/nt/unisims_ver/unisims_ver.sdbl
Restoring Verilog parse-tree unisims_ver.AND3 from
c:/xilinx/10.1/ise/verilog/hdp/nt/unisims_ver/unisims_ver.sdbl
Restoring Verilog parse-tree unisims_ver.AND3B1 from
c:/xilinx/10.1/ise/verilog/hdp/nt/unisims_ver/unisims_ver.sdbl
Restoring Verilog parse-tree unisims_ver.AND3B2 from
c:/xilinx/10.1/ise/verilog/hdp/nt/unisims_ver/unisims_ver.sdbl
Restoring Verilog parse-tree unisims_ver.OR2 from
c:/xilinx/10.1/ise/verilog/hdp/nt/unisims_ver/unisims_ver.sdbl
Restoring Verilog parse-tree unisims_ver.MUXF5 from
c:/xilinx/10.1/ise/verilog/hdp/nt/unisims_ver/unisims_ver.sdbl
Restoring Verilog parse-tree unisims_ver.VCC from
c:/xilinx/10.1/ise/verilog/hdp/nt/unisims_ver/unisims_ver.sdbl
Completed static elaboration
Fuse Memory Usage: 56200 Kb
Fuse CPU Usage: 953 ms
Compiling module glbl
Compiling module FDCE(INIT=1'b0)_0
Compiling module FDCE(INIT=1'b0)_1
Compiling module FDCE(INIT=1'b0)_2
Compiling module FDCE(INIT=1'b0)_3
Compiling module FDCE(INIT=1'b0)_4
Compiling module FDCE(INIT=1'b0)_5
Compiling module FDCE(INIT=1'b0)_6
Compiling module FDCE(INIT=1'b0)_7
Compiling module FDCE(INIT=1'b0)_8
Compiling module FDCE(INIT=1'b0)_9
Compiling module FDCE(INIT=1'b0)_10
Compiling module FDCE(INIT=1'b0)_11
Compiling module FDCE(INIT=1'b0)_12
Compiling module FDCE(INIT=1'b0)_13
Compiling module FDCE(INIT=1'b0)_14
Compiling module FDCE(INIT=1'b0)_15
Compiling module FDCE(INIT=1'b0)_16
Compiling module FDCE(INIT=1'b0)_17
Compiling module FDCE(INIT=1'b0)_18
Compiling module FDCE(INIT=1'b0)_19
Compiling module FDCE(INIT=1'b0)_20
Compiling module FDCE(INIT=1'b0)_21
Compiling module FDCE(INIT=1'b0)_22
Compiling module FDCE(INIT=1'b0)_23
Compiling module FDCE(INIT=1'b0)_24
Compiling module FDCE(INIT=1'b0)_25
Compiling module FDCE(INIT=1'b0)_26
Compiling module FDCE(INIT=1'b0)_27
Compiling module FDCE(INIT=1'b0)_28
Compiling module FDCE(INIT=1'b0)_29
Compiling module FDCE(INIT=1'b0)_30
Compiling module FDCE(INIT=1'b0)_31
Compiling module FDCE(INIT=1'b0)_32
Compiling module FDCE(INIT=1'b0)_33
Compiling module FDCE(INIT=1'b0)_34
Compiling module FDCE(INIT=1'b0)_35
Compiling module FDCE(INIT=1'b0)_36
Compiling module FDCE(INIT=1'b0)_37
Compiling module FDCE(INIT=1'b0)_38
Compiling module FDCE(INIT=1'b0)_39
Compiling module FDCE(INIT=1'b0)_40
Compiling module FDCE(INIT=1'b0)_41
Compiling module FDCE(INIT=1'b0)_42
Compiling module FDCE(INIT=1'b0)_43
Compiling module FDCE(INIT=1'b0)_44
Compiling module FDCE(INIT=1'b0)_45
Compiling module FDCE(INIT=1'b0)_46
Compiling module FDCE(INIT=1'b0)_47
Compiling module FDCE(INIT=1'b0)_48
Compiling module FDCE(INIT=1'b0)_49
Compiling module FDCE(INIT=1'b0)_50
Compiling module FDCE(INIT=1'b0)_51
Compiling module FDCE(INIT=1'b0)_52
Compiling module FDCE(INIT=1'b0)_53
Compiling module FDCE(INIT=1'b0)_54
Compiling module FDCE(INIT=1'b0)_55
Compiling module FDCE(INIT=1'b0)_56
Compiling module FDCE(INIT=1'b0)_57
Compiling module FDCE(INIT=1'b0)_58
Compiling module FDCE(INIT=1'b0)_59
Compiling module FDCE(INIT=1'b0)_60
Compiling module FDCE(INIT=1'b0)_61
Compiling module FDCE(INIT=1'b0)_62
Compiling module FDCE(INIT=1'b0)_63
Compiling module FDCE(INIT=1'b0)_64
Compiling module FDCE(INIT=1'b0)_65
Compiling module FDCE(INIT=1'b0)_66
Compiling module FDCE(INIT=1'b0)_67
Compiling module FDCE(INIT=1'b0)_68
Compiling module FDCE(INIT=1'b0)_69
Compiling module FDCE(INIT=1'b0)_70
Compiling module FDCE(INIT=1'b0)_71
Compiling module FDCE(INIT=1'b0)_72
Compiling module FDCE(INIT=1'b0)_73
Compiling module FDCE(INIT=1'b0)_74
Compiling module FDCE(INIT=1'b0)_75
Compiling module FDCE(INIT=1'b0)_76
Compiling module FDCE(INIT=1'b0)_77
Compiling module FDCE(INIT=1'b0)_78
Compiling module FDCE(INIT=1'b0)_79
Compiling module FDCE(INIT=1'b0)_80
Compiling module FDCE(INIT=1'b0)_81
Compiling module FDCE(INIT=1'b0)_82
Compiling module FDCE(INIT=1'b0)_83
Compiling module FDCE(INIT=1'b0)_84
Compiling module FDCE(INIT=1'b0)_85
Compiling module FDCE(INIT=1'b0)_86
Compiling module FDCE(INIT=1'b0)_87
Compiling module FDCE(INIT=1'b0)_88
Compiling module FDCE(INIT=1'b0)_89
Compiling module FDCE(INIT=1'b0)_90
Compiling module FDCE(INIT=1'b0)_91
Compiling module FDCE(INIT=1'b0)_92
Compiling module FDCE(INIT=1'b0)_93
Compiling module FDCE(INIT=1'b0)_94
Compiling module FDCE(INIT=1'b0)_95
Compiling module FDCE(INIT=1'b0)_96
Compiling module FDCE(INIT=1'b0)_97
Compiling module FDCE(INIT=1'b0)_98
Compiling module FDCE(INIT=1'b0)_99
Compiling module FDCE(INIT=1'b0)_100
Compiling module FDCE(INIT=1'b0)_101
Compiling module FDCE(INIT=1'b0)_102
Compiling module FDCE(INIT=1'b0)_103
Compiling module FDCE(INIT=1'b0)_104
Compiling module FDCE(INIT=1'b0)_105
Compiling module FDCE(INIT=1'b0)_106
Compiling module FDCE(INIT=1'b0)_107
Compiling module FDCE(INIT=1'b0)_108
Compiling module FDCE(INIT=1'b0)_109
Compiling module FDCE(INIT=1'b0)_110
Compiling module FDCE(INIT=1'b0)_111
Compiling module FDCE(INIT=1'b0)_112
Compiling module FDCE(INIT=1'b0)_113
Compiling module FDCE(INIT=1'b0)_114
Compiling module FDCE(INIT=1'b0)_115
Compiling module FDCE(INIT=1'b0)_116
Compiling module FDCE(INIT=1'b0)_117
Compiling module FDCE(INIT=1'b0)_118
Compiling module FDCE(INIT=1'b0)_119
Compiling module FDCE(INIT=1'b0)_120
Compiling module FDCE(INIT=1'b0)_121
Compiling module FDCE(INIT=1'b0)_122
Compiling module FDCE(INIT=1'b0)_123
Compiling module FDCE(INIT=1'b0)_124
Compiling module FDCE(INIT=1'b0)_125
Compiling module FDCE(INIT=1'b0)_126
Compiling module FDCE(INIT=1'b0)_127
Compiling module FDCE(INIT=1'b0)_128
Compiling module FDCE(INIT=1'b0)_129
Compiling module FDCE(INIT=1'b0)_130
Compiling module FDCE(INIT=1'b0)_131
Compiling module FDCE(INIT=1'b0)_132
Compiling module FDCE(INIT=1'b0)_133
Compiling module FDCE(INIT=1'b0)_134
Compiling module FDCE(INIT=1'b0)_135
Compiling module FDCE(INIT=1'b0)_136
Compiling module FDCE(INIT=1'b0)_137
Compiling module FDCE(INIT=1'b0)_138
Compiling module FDCE(INIT=1'b0)_139
Compiling module FDCE(INIT=1'b0)_140
Compiling module FDCE(INIT=1'b0)_141
Compiling module FDCE(INIT=1'b0)_142
Compiling module FDCE(INIT=1'b0)_143
Compiling module FDCE(INIT=1'b0)_144
Compiling module FDCE(INIT=1'b0)_145
Compiling module FDCE(INIT=1'b0)_146
Compiling module FDCE(INIT=1'b0)_147
Compiling module FDCE(INIT=1'b0)_148
Compiling module FDCE(INIT=1'b0)_149
Compiling module FDCE(INIT=1'b0)_150
Compiling module FDCE(INIT=1'b0)_151
Compiling module FDCE(INIT=1'b0)_152
Compiling module FDCE(INIT=1'b0)_153
Compiling module FDCE(INIT=1'b0)_154
Compiling module FDCE(INIT=1'b0)_155
Compiling module FDCE(INIT=1'b0)_156
Compiling module FDCE(INIT=1'b0)_157
Compiling module FDCE(INIT=1'b0)_158
Compiling module FDCE(INIT=1'b0)_159
Compiling module FDCE(INIT=1'b0)_160
Compiling module FDCE(INIT=1'b0)_161
Compiling module FDCE(INIT=1'b0)_162
Compiling module FDCE(INIT=1'b0)_163
Compiling module FDCE(INIT=1'b0)_164
Compiling module FDCE(INIT=1'b0)_165
Compiling module FDCE(INIT=1'b0)_166
Compiling module FDCE(INIT=1'b0)_167
Compiling module FDCE(INIT=1'b0)_168
Compiling module FDCE(INIT=1'b0)_169
Compiling module FDCE(INIT=1'b0)_170
Compiling module FDCE(INIT=1'b0)_171
Compiling module FDCE(INIT=1'b0)_172
Compiling module FDCE(INIT=1'b0)_173
Compiling module FDCE(INIT=1'b0)_174
Compiling module FDCE(INIT=1'b0)_175
Compiling module FDCE(INIT=1'b0)_176
Compiling module FDCE(INIT=1'b0)_177
Compiling module FDCE(INIT=1'b0)_178
Compiling module FDCE(INIT=1'b0)_179
Compiling module FDCE(INIT=1'b0)_180
Compiling module FDCE(INIT=1'b0)_181
Compiling module FDCE(INIT=1'b0)_182
Compiling module FDCE(INIT=1'b0)_183
Compiling module FDCE(INIT=1'b0)_184
Compiling module FDCE(INIT=1'b0)_185
Compiling module FDCE(INIT=1'b0)_186
Compiling module FDCE(INIT=1'b0)_187
Compiling module FDCE(INIT=1'b0)_188
Compiling module FDCE(INIT=1'b0)_189
Compiling module FDCE(INIT=1'b0)_190
Compiling module FDCE(INIT=1'b0)_191
Compiling module FDCE(INIT=1'b0)_192
Compiling module FDCE(INIT=1'b0)_193
Compiling module FDCE(INIT=1'b0)_194
Compiling module FDCE(INIT=1'b0)_195
Compiling module FDCE(INIT=1'b0)_196
Compiling module FDCE(INIT=1'b0)_197
Compiling module FDCE(INIT=1'b0)_198
Compiling module FDCE(INIT=1'b0)_199
Compiling module FDCE(INIT=1'b0)_200
Compiling module FDCE(INIT=1'b0)_201
Compiling module FDCE(INIT=1'b0)_202
Compiling module FDCE(INIT=1'b0)_203
Compiling module FDCE(INIT=1'b0)_204
Compiling module FDCE(INIT=1'b0)_205
Compiling module FDCE(INIT=1'b0)_206
Compiling module FDCE(INIT=1'b0)_207
Compiling module FDCE(INIT=1'b0)_208
Compiling module FDCE(INIT=1'b0)_209
Compiling module FDCE(INIT=1'b0)_210
Compiling module FDCE(INIT=1'b0)_211
Compiling module FDCE(INIT=1'b0)_212
Compiling module FDCE(INIT=1'b0)_213
Compiling module FDCE(INIT=1'b0)_214
Compiling module FDCE(INIT=1'b0)_215
Compiling module FDCE(INIT=1'b0)_216
Compiling module FDCE(INIT=1'b0)_217
Compiling module FDCE(INIT=1'b0)_218
Compiling module FDCE(INIT=1'b0)_219
Compiling module FDCE(INIT=1'b0)_220
Compiling module FDCE(INIT=1'b0)_221
Compiling module FDCE(INIT=1'b0)_222
Compiling module FDCE(INIT=1'b0)_223
Compiling module FDCE(INIT=1'b0)_224
Compiling module FDCE(INIT=1'b0)_225
Compiling module FDCE(INIT=1'b0)_226
Compiling module FDCE(INIT=1'b0)_227
Compiling module FDCE(INIT=1'b0)_228
Compiling module FDCE(INIT=1'b0)_229
Compiling module FDCE(INIT=1'b0)_230
Compiling module FDCE(INIT=1'b0)_231
Compiling module FDCE(INIT=1'b0)_232
Compiling module FDCE(INIT=1'b0)_233
Compiling module FDCE(INIT=1'b0)_234
Compiling module FDCE(INIT=1'b0)_235
Compiling module FDCE(INIT=1'b0)_236
Compiling module FDCE(INIT=1'b0)_237
Compiling module FDCE(INIT=1'b0)_238
Compiling module FDCE(INIT=1'b0)_239
Compiling module FDCE(INIT=1'b0)_240
Compiling module FDCE(INIT=1'b0)_241
Compiling module FDCE(INIT=1'b0)_242
Compiling module FDCE(INIT=1'b0)_243
Compiling module FDCE(INIT=1'b0)_244
Compiling module FDCE(INIT=1'b0)_245
Compiling module FDCE(INIT=1'b0)_246
Compiling module FDCE(INIT=1'b0)_247
Compiling module FDCE(INIT=1'b0)_248
Compiling module FDCE(INIT=1'b0)_249
Compiling module FDCE(INIT=1'b0)_250
Compiling module FDCE(INIT=1'b0)_251
Compiling module FDCE(INIT=1'b0)_252
Compiling module FDCE(INIT=1'b0)_253
Compiling module FDCE(INIT=1'b0)_254
Compiling module FDCE(INIT=1'b0)_255
Compiling module IBUF
Compiling module GND
Compiling module IFDX_MXILINX_ifd64
Compiling module IFDX_MXILINX_ifd64_2
Compiling module IFDX_MXILINX_ifd64_3
Compiling module IFDX_MXILINX_ifd64_4
Compiling module IFDX_MXILINX_ifd64_5
Compiling module IFDX_MXILINX_ifd64_6
Compiling module IFDX_MXILINX_ifd64_7
Compiling module IFDX_MXILINX_ifd64_8
Compiling module IFDX_MXILINX_ifd64_9
Compiling module IFDX_MXILINX_ifd64_10
Compiling module IFDX_MXILINX_ifd64_11
Compiling module IFDX_MXILINX_ifd64_12
Compiling module IFDX_MXILINX_ifd64_13
Compiling module IFDX_MXILINX_ifd64_14
Compiling module IFDX_MXILINX_ifd64_15
Compiling module IFDX_MXILINX_ifd64_16
Compiling module IFDX16_MXILINX_ifd64
Compiling module IFDX_MXILINX_ifd64_17
Compiling module IFDX_MXILINX_ifd64_18
Compiling module IFDX_MXILINX_ifd64_19
Compiling module IFDX_MXILINX_ifd64_20
Compiling module IFDX_MXILINX_ifd64_21
Compiling module IFDX_MXILINX_ifd64_22
Compiling module IFDX_MXILINX_ifd64_23
Compiling module IFDX_MXILINX_ifd64_24
Compiling module IFDX_MXILINX_ifd64_25
Compiling module IFDX_MXILINX_ifd64_26
Compiling module IFDX_MXILINX_ifd64_27
Compiling module IFDX_MXILINX_ifd64_28
Compiling module IFDX_MXILINX_ifd64_29
Compiling module IFDX_MXILINX_ifd64_30
Compiling module IFDX_MXILINX_ifd64_31
Compiling module IFDX_MXILINX_ifd64_32
Compiling module IFDX16_MXILINX_ifd64_2
Compiling module IFDX_MXILINX_ifd64_33
Compiling module IFDX_MXILINX_ifd64_34
Compiling module IFDX_MXILINX_ifd64_35
Compiling module IFDX_MXILINX_ifd64_36
Compiling module IFDX_MXILINX_ifd64_37
Compiling module IFDX_MXILINX_ifd64_38
Compiling module IFDX_MXILINX_ifd64_39
Compiling module IFDX_MXILINX_ifd64_40
Compiling module IFDX_MXILINX_ifd64_41
Compiling module IFDX_MXILINX_ifd64_42
Compiling module IFDX_MXILINX_ifd64_43
Compiling module IFDX_MXILINX_ifd64_44
Compiling module IFDX_MXILINX_ifd64_45
Compiling module IFDX_MXILINX_ifd64_46
Compiling module IFDX_MXILINX_ifd64_47
Compiling module IFDX_MXILINX_ifd64_48
Compiling module IFDX16_MXILINX_ifd64_3
Compiling module IFDX_MXILINX_ifd64_49
Compiling module IFDX_MXILINX_ifd64_50
Compiling module IFDX_MXILINX_ifd64_51
Compiling module IFDX_MXILINX_ifd64_52
Compiling module IFDX_MXILINX_ifd64_53
Compiling module IFDX_MXILINX_ifd64_54
Compiling module IFDX_MXILINX_ifd64_55
Compiling module IFDX_MXILINX_ifd64_56
Compiling module IFDX_MXILINX_ifd64_57
Compiling module IFDX_MXILINX_ifd64_58
Compiling module IFDX_MXILINX_ifd64_59
Compiling module IFDX_MXILINX_ifd64_60
Compiling module IFDX_MXILINX_ifd64_61
Compiling module IFDX_MXILINX_ifd64_62
Compiling module IFDX_MXILINX_ifd64_63
Compiling module IFDX_MXILINX_ifd64_64
Compiling module IFDX16_MXILINX_ifd64_4
Compiling module ifd64
Compiling module IFDX_MXILINX_ifd64_65
Compiling module IFDX_MXILINX_ifd64_66
Compiling module IFDX_MXILINX_ifd64_67
Compiling module IFDX_MXILINX_ifd64_68
Compiling module IFDX_MXILINX_ifd64_69
Compiling module IFDX_MXILINX_ifd64_70
Compiling module IFDX_MXILINX_ifd64_71
Compiling module IFDX_MXILINX_ifd64_72
Compiling module IFDX_MXILINX_ifd64_73
Compiling module IFDX_MXILINX_ifd64_74
Compiling module IFDX_MXILINX_ifd64_75
Compiling module IFDX_MXILINX_ifd64_76
Compiling module IFDX_MXILINX_ifd64_77
Compiling module IFDX_MXILINX_ifd64_78
Compiling module IFDX_MXILINX_ifd64_79
Compiling module IFDX_MXILINX_ifd64_80
Compiling module IFDX16_MXILINX_ifd64_5
Compiling module IFDX_MXILINX_ifd64_81
Compiling module IFDX_MXILINX_ifd64_82
Compiling module IFDX_MXILINX_ifd64_83
Compiling module IFDX_MXILINX_ifd64_84
Compiling module IFDX_MXILINX_ifd64_85
Compiling module IFDX_MXILINX_ifd64_86
Compiling module IFDX_MXILINX_ifd64_87
Compiling module IFDX_MXILINX_ifd64_88
Compiling module IFDX_MXILINX_ifd64_89
Compiling module IFDX_MXILINX_ifd64_90
Compiling module IFDX_MXILINX_ifd64_91
Compiling module IFDX_MXILINX_ifd64_92
Compiling module IFDX_MXILINX_ifd64_93
Compiling module IFDX_MXILINX_ifd64_94
Compiling module IFDX_MXILINX_ifd64_95
Compiling module IFDX_MXILINX_ifd64_96
Compiling module IFDX16_MXILINX_ifd64_6
Compiling module IFDX_MXILINX_ifd64_97
Compiling module IFDX_MXILINX_ifd64_98
Compiling module IFDX_MXILINX_ifd64_99
Compiling module IFDX_MXILINX_ifd64_100
Compiling module IFDX_MXILINX_ifd64_101
Compiling module IFDX_MXILINX_ifd64_102
Compiling module IFDX_MXILINX_ifd64_103
Compiling module IFDX_MXILINX_ifd64_104
Compiling module IFDX_MXILINX_ifd64_105
Compiling module IFDX_MXILINX_ifd64_106
Compiling module IFDX_MXILINX_ifd64_107
Compiling module IFDX_MXILINX_ifd64_108
Compiling module IFDX_MXILINX_ifd64_109
Compiling module IFDX_MXILINX_ifd64_110
Compiling module IFDX_MXILINX_ifd64_111
Compiling module IFDX_MXILINX_ifd64_112
Compiling module IFDX16_MXILINX_ifd64_7
Compiling module IFDX_MXILINX_ifd64_113
Compiling module IFDX_MXILINX_ifd64_114
Compiling module IFDX_MXILINX_ifd64_115
Compiling module IFDX_MXILINX_ifd64_116
Compiling module IFDX_MXILINX_ifd64_117
Compiling module IFDX_MXILINX_ifd64_118
Compiling module IFDX_MXILINX_ifd64_119
Compiling module IFDX_MXILINX_ifd64_120
Compiling module IFDX_MXILINX_ifd64_121
Compiling module IFDX_MXILINX_ifd64_122
Compiling module IFDX_MXILINX_ifd64_123
Compiling module IFDX_MXILINX_ifd64_124
Compiling module IFDX_MXILINX_ifd64_125
Compiling module IFDX_MXILINX_ifd64_126
Compiling module IFDX_MXILINX_ifd64_127
Compiling module IFDX_MXILINX_ifd64_128
Compiling module IFDX16_MXILINX_ifd64_8
Compiling module ifd64_2
Compiling module IFDX_MXILINX_ifd64_129
Compiling module IFDX_MXILINX_ifd64_130
Compiling module IFDX_MXILINX_ifd64_131
Compiling module IFDX_MXILINX_ifd64_132
Compiling module IFDX_MXILINX_ifd64_133
Compiling module IFDX_MXILINX_ifd64_134
Compiling module IFDX_MXILINX_ifd64_135
Compiling module IFDX_MXILINX_ifd64_136
Compiling module IFDX_MXILINX_ifd64_137
Compiling module IFDX_MXILINX_ifd64_138
Compiling module IFDX_MXILINX_ifd64_139
Compiling module IFDX_MXILINX_ifd64_140
Compiling module IFDX_MXILINX_ifd64_141
Compiling module IFDX_MXILINX_ifd64_142
Compiling module IFDX_MXILINX_ifd64_143
Compiling module IFDX_MXILINX_ifd64_144
Compiling module IFDX16_MXILINX_ifd64_9
Compiling module IFDX_MXILINX_ifd64_145
Compiling module IFDX_MXILINX_ifd64_146
Compiling module IFDX_MXILINX_ifd64_147
Compiling module IFDX_MXILINX_ifd64_148
Compiling module IFDX_MXILINX_ifd64_149
Compiling module IFDX_MXILINX_ifd64_150
Compiling module IFDX_MXILINX_ifd64_151
Compiling module IFDX_MXILINX_ifd64_152
Compiling module IFDX_MXILINX_ifd64_153
Compiling module IFDX_MXILINX_ifd64_154
Compiling module IFDX_MXILINX_ifd64_155
Compiling module IFDX_MXILINX_ifd64_156
Compiling module IFDX_MXILINX_ifd64_157
Compiling module IFDX_MXILINX_ifd64_158
Compiling module IFDX_MXILINX_ifd64_159
Compiling module IFDX_MXILINX_ifd64_160
Compiling module IFDX16_MXILINX_ifd64_10
Compiling module IFDX_MXILINX_ifd64_161
Compiling module IFDX_MXILINX_ifd64_162
Compiling module IFDX_MXILINX_ifd64_163
Compiling module IFDX_MXILINX_ifd64_164
Compiling module IFDX_MXILINX_ifd64_165
Compiling module IFDX_MXILINX_ifd64_166
Compiling module IFDX_MXILINX_ifd64_167
Compiling module IFDX_MXILINX_ifd64_168
Compiling module IFDX_MXILINX_ifd64_169
Compiling module IFDX_MXILINX_ifd64_170
Compiling module IFDX_MXILINX_ifd64_171
Compiling module IFDX_MXILINX_ifd64_172
Compiling module IFDX_MXILINX_ifd64_173
Compiling module IFDX_MXILINX_ifd64_174
Compiling module IFDX_MXILINX_ifd64_175
Compiling module IFDX_MXILINX_ifd64_176
Compiling module IFDX16_MXILINX_ifd64_11
Compiling module IFDX_MXILINX_ifd64_177
Compiling module IFDX_MXILINX_ifd64_178
Compiling module IFDX_MXILINX_ifd64_179
Compiling module IFDX_MXILINX_ifd64_180
Compiling module IFDX_MXILINX_ifd64_181
Compiling module IFDX_MXILINX_ifd64_182
Compiling module IFDX_MXILINX_ifd64_183
Compiling module IFDX_MXILINX_ifd64_184
Compiling module IFDX_MXILINX_ifd64_185
Compiling module IFDX_MXILINX_ifd64_186
Compiling module IFDX_MXILINX_ifd64_187
Compiling module IFDX_MXILINX_ifd64_188
Compiling module IFDX_MXILINX_ifd64_189
Compiling module IFDX_MXILINX_ifd64_190
Compiling module IFDX_MXILINX_ifd64_191
Compiling module IFDX_MXILINX_ifd64_192
Compiling module IFDX16_MXILINX_ifd64_12
Compiling module ifd64_3
Compiling module IFDX_MXILINX_ifd64_193
Compiling module IFDX_MXILINX_ifd64_194
Compiling module IFDX_MXILINX_ifd64_195
Compiling module IFDX_MXILINX_ifd64_196
Compiling module IFDX_MXILINX_ifd64_197
Compiling module IFDX_MXILINX_ifd64_198
Compiling module IFDX_MXILINX_ifd64_199
Compiling module IFDX_MXILINX_ifd64_200
Compiling module IFDX_MXILINX_ifd64_201
Compiling module IFDX_MXILINX_ifd64_202
Compiling module IFDX_MXILINX_ifd64_203
Compiling module IFDX_MXILINX_ifd64_204
Compiling module IFDX_MXILINX_ifd64_205
Compiling module IFDX_MXILINX_ifd64_206
Compiling module IFDX_MXILINX_ifd64_207
Compiling module IFDX_MXILINX_ifd64_208
Compiling module IFDX16_MXILINX_ifd64_13
Compiling module IFDX_MXILINX_ifd64_209
Compiling module IFDX_MXILINX_ifd64_210
Compiling module IFDX_MXILINX_ifd64_211
Compiling module IFDX_MXILINX_ifd64_212
Compiling module IFDX_MXILINX_ifd64_213
Compiling module IFDX_MXILINX_ifd64_214
Compiling module IFDX_MXILINX_ifd64_215
Compiling module IFDX_MXILINX_ifd64_216
Compiling module IFDX_MXILINX_ifd64_217
Compiling module IFDX_MXILINX_ifd64_218
Compiling module IFDX_MXILINX_ifd64_219
Compiling module IFDX_MXILINX_ifd64_220
Compiling module IFDX_MXILINX_ifd64_221
Compiling module IFDX_MXILINX_ifd64_222
Compiling module IFDX_MXILINX_ifd64_223
Compiling module IFDX_MXILINX_ifd64_224
Compiling module IFDX16_MXILINX_ifd64_14
Compiling module IFDX_MXILINX_ifd64_225
Compiling module IFDX_MXILINX_ifd64_226
Compiling module IFDX_MXILINX_ifd64_227
Compiling module IFDX_MXILINX_ifd64_228
Compiling module IFDX_MXILINX_ifd64_229
Compiling module IFDX_MXILINX_ifd64_230
Compiling module IFDX_MXILINX_ifd64_231
Compiling module IFDX_MXILINX_ifd64_232
Compiling module IFDX_MXILINX_ifd64_233
Compiling module IFDX_MXILINX_ifd64_234
Compiling module IFDX_MXILINX_ifd64_235
Compiling module IFDX_MXILINX_ifd64_236
Compiling module IFDX_MXILINX_ifd64_237
Compiling module IFDX_MXILINX_ifd64_238
Compiling module IFDX_MXILINX_ifd64_239
Compiling module IFDX_MXILINX_ifd64_240
Compiling module IFDX16_MXILINX_ifd64_15
Compiling module IFDX_MXILINX_ifd64_241
Compiling module IFDX_MXILINX_ifd64_242
Compiling module IFDX_MXILINX_ifd64_243
Compiling module IFDX_MXILINX_ifd64_244
Compiling module IFDX_MXILINX_ifd64_245
Compiling module IFDX_MXILINX_ifd64_246
Compiling module IFDX_MXILINX_ifd64_247
Compiling module IFDX_MXILINX_ifd64_248
Compiling module IFDX_MXILINX_ifd64_249
Compiling module IFDX_MXILINX_ifd64_250
Compiling module IFDX_MXILINX_ifd64_251
Compiling module IFDX_MXILINX_ifd64_252
Compiling module IFDX_MXILINX_ifd64_253
Compiling module IFDX_MXILINX_ifd64_254
Compiling module IFDX_MXILINX_ifd64_255
Compiling module IFDX_MXILINX_ifd64_256
Compiling module IFDX16_MXILINX_ifd64_16
Compiling module ifd64_4
Compiling module AND3
Compiling module AND3B1
Compiling module AND3B2
Compiling module D2_4E_MXILINX_Register_File_16b
Compiling module OR2
Compiling module M2_1E_MXILINX_Mux4_1_16b
Compiling module MUXF5
Compiling module M4_1E_MXILINX_Mux4_1_16b
Compiling module VCC
Compiling module Mux4_1_16b
Compiling module Mux4_1_64b
Compiling module Register_File_16b
Compiling module Reg_File_16b_tb
Compiled 548 Verilog Units
Built simulation executable Reg_File_16b_tb_isim_beh.exe
Fuse Memory Usage: 58508 Kb
Fuse CPU Usage: 2062 ms
